Flow report for sopc_pwm
Tue Oct 13 08:27:45 2020
Quartus II Version 11.0 Build 208 07/03/2011 Service Pack 1 SJ Web Edition


---------------------
; Table of Contents ;
---------------------
  1. Legal Notice
  2. Flow Summary
  3. Flow Settings
  4. Flow Non-Default Global Settings
  5. Flow Elapsed Time
  6. Flow OS Summary
  7. Flow Log



----------------
; Legal Notice ;
----------------
Copyright (C) 1991-2011 Altera Corporation
Your use of Altera Corporation's design tools, logic functions 
and other software and tools, and its AMPP partner logic 
functions, and any output files from any of the foregoing 
(including device programming or simulation files), and any 
associated documentation or information are expressly subject 
to the terms and conditions of the Altera Program License 
Subscription Agreement, Altera MegaCore Function License 
Agreement, or other applicable license agreement, including, 
without limitation, that your use is for the sole purpose of 
programming logic devices manufactured by Altera and sold by 
Altera or its authorized distributors.  Please refer to the 
applicable agreement for further details.



+------------------------------------------------------------------------------------+
; Flow Summary                                                                       ;
+------------------------------------+-----------------------------------------------+
; Flow Status                        ; Successful - Tue Oct 13 08:27:45 2020         ;
; Quartus II Version                 ; 11.0 Build 208 07/03/2011 SP 1 SJ Web Edition ;
; Revision Name                      ; sopc_pwm                                      ;
; Top-level Entity Name              ; sopc_pwm                                      ;
; Family                             ; Cyclone II                                    ;
; Device                             ; EP2C35F672C6                                  ;
; Timing Models                      ; Final                                         ;
; Total logic elements               ; 1,650 / 33,216 ( 5 % )                        ;
;     Total combinational functions  ; 1,502 / 33,216 ( 5 % )                        ;
;     Dedicated logic registers      ; 814 / 33,216 ( 2 % )                          ;
; Total registers                    ; 814                                           ;
; Total pins                         ; 12 / 475 ( 3 % )                              ;
; Total virtual pins                 ; 0                                             ;
; Total memory bits                  ; 175,104 / 483,840 ( 36 % )                    ;
; Embedded Multiplier 9-bit elements ; 0 / 70 ( 0 % )                                ;
; Total PLLs                         ; 0 / 4 ( 0 % )                                 ;
+------------------------------------+-----------------------------------------------+


+-----------------------------------------+
; Flow Settings                           ;
+-------------------+---------------------+
; Option            ; Setting             ;
+-------------------+---------------------+
; Start date & time ; 10/13/2020 08:27:18 ;
; Main task         ; Compilation         ;
; Revision Name     ; sopc_pwm            ;
+-------------------+---------------------+


+-------------------------------------------------------------------------------------------------------------------+
; Flow Non-Default Global Settings                                                                                  ;
+-------------------------------------+----------------------------------+---------------+-------------+------------+
; Assignment Name                     ; Value                            ; Default Value ; Entity Name ; Section Id ;
+-------------------------------------+----------------------------------+---------------+-------------+------------+
; COMPILER_SIGNATURE_ID               ; 47100569291.160257043804344      ; --            ; --          ; --         ;
; MAX_CORE_JUNCTION_TEMP              ; 85                               ; --            ; --          ; --         ;
; MIN_CORE_JUNCTION_TEMP              ; 0                                ; --            ; --          ; --         ;
; PARTITION_COLOR                     ; 16764057                         ; --            ; --          ; Top        ;
; PARTITION_FITTER_PRESERVATION_LEVEL ; PLACEMENT_AND_ROUTING            ; --            ; --          ; Top        ;
; PARTITION_NETLIST_TYPE              ; SOURCE                           ; --            ; --          ; Top        ;
; SOPC_BUILDER_SIGNATURE_ID           ; 00000000000000E0000001750C28E417 ; --            ; --          ; --         ;
+-------------------------------------+----------------------------------+---------------+-------------+------------+


+-------------------------------------------------------------------------------------------------------------------------------+
; Flow Elapsed Time                                                                                                             ;
+---------------------------+--------------+-------------------------+---------------------+------------------------------------+
; Module Name               ; Elapsed Time ; Average Processors Used ; Peak Virtual Memory ; Total CPU Time (on all processors) ;
+---------------------------+--------------+-------------------------+---------------------+------------------------------------+
; Analysis & Synthesis      ; 00:00:13     ; 1.0                     ; 324 MB              ; 00:00:07                           ;
; Fitter                    ; 00:00:08     ; 1.0                     ; 376 MB              ; 00:00:07                           ;
; Assembler                 ; 00:00:02     ; 1.0                     ; 305 MB              ; 00:00:02                           ;
; TimeQuest Timing Analyzer ; 00:00:03     ; 1.0                     ; 276 MB              ; 00:00:02                           ;
; Total                     ; 00:00:26     ; --                      ; --                  ; 00:00:18                           ;
+---------------------------+--------------+-------------------------+---------------------+------------------------------------+


+----------------------------------------------------------------------------------------+
; Flow OS Summary                                                                        ;
+---------------------------+------------------+-----------+------------+----------------+
; Module Name               ; Machine Hostname ; OS Name   ; OS Version ; Processor type ;
+---------------------------+------------------+-----------+------------+----------------+
; Analysis & Synthesis      ; U4-305p4         ; Windows 7 ; 6.1        ; x86_64         ;
; Fitter                    ; U4-305p4         ; Windows 7 ; 6.1        ; x86_64         ;
; Assembler                 ; U4-305p4         ; Windows 7 ; 6.1        ; x86_64         ;
; TimeQuest Timing Analyzer ; U4-305p4         ; Windows 7 ; 6.1        ; x86_64         ;
+---------------------------+------------------+-----------+------------+----------------+


------------
; Flow Log ;
------------
quartus_map --read_settings_files=on --write_settings_files=off sopc_pwm -c sopc_pwm
quartus_fit --read_settings_files=off --write_settings_files=off sopc_pwm -c sopc_pwm
quartus_asm --read_settings_files=off --write_settings_files=off sopc_pwm -c sopc_pwm
quartus_sta sopc_pwm -c sopc_pwm



