Flow report for TPdeBase
Fri Sep 04 09:36:27 2020
Quartus II Version 11.0 Build 208 07/03/2011 Service Pack 1 SJ Web Edition


---------------------
; Table of Contents ;
---------------------
  1. Legal Notice
  2. Flow Summary
  3. Flow Settings
  4. Flow Non-Default Global Settings
  5. Flow Elapsed Time
  6. Flow OS Summary
  7. Flow Log



----------------
; Legal Notice ;
----------------
Copyright (C) 1991-2011 Altera Corporation
Your use of Altera Corporation's design tools, logic functions 
and other software and tools, and its AMPP partner logic 
functions, and any output files from any of the foregoing 
(including device programming or simulation files), and any 
associated documentation or information are expressly subject 
to the terms and conditions of the Altera Program License 
Subscription Agreement, Altera MegaCore Function License 
Agreement, or other applicable license agreement, including, 
without limitation, that your use is for the sole purpose of 
programming logic devices manufactured by Altera and sold by 
Altera or its authorized distributors.  Please refer to the 
applicable agreement for further details.



+------------------------------------------------------------------------------------+
; Flow Summary                                                                       ;
+------------------------------------+-----------------------------------------------+
; Flow Status                        ; Successful - Fri Sep 04 09:36:27 2020         ;
; Quartus II Version                 ; 11.0 Build 208 07/03/2011 SP 1 SJ Web Edition ;
; Revision Name                      ; TPdeBase                                      ;
; Top-level Entity Name              ; TPdeBase                                      ;
; Family                             ; Cyclone IV E                                  ;
; Device                             ; EP4CE22F17C6                                  ;
; Timing Models                      ; Final                                         ;
; Total logic elements               ; 1 / 22,320 ( < 1 % )                          ;
;     Total combinational functions  ; 1 / 22,320 ( < 1 % )                          ;
;     Dedicated logic registers      ; 0 / 22,320 ( 0 % )                            ;
; Total registers                    ; 0                                             ;
; Total pins                         ; 3 / 154 ( 2 % )                               ;
; Total virtual pins                 ; 0                                             ;
; Total memory bits                  ; 0 / 608,256 ( 0 % )                           ;
; Embedded Multiplier 9-bit elements ; 0 / 132 ( 0 % )                               ;
; Total PLLs                         ; 0 / 4 ( 0 % )                                 ;
+------------------------------------+-----------------------------------------------+


+-----------------------------------------+
; Flow Settings                           ;
+-------------------+---------------------+
; Option            ; Setting             ;
+-------------------+---------------------+
; Start date & time ; 09/04/2020 09:36:19 ;
; Main task         ; Compilation         ;
; Revision Name     ; TPdeBase            ;
+-------------------+---------------------+


+-------------------------------------------------------------------------------------------------------------------------------------------------------------+
; Flow Non-Default Global Settings                                                                                                                            ;
+-------------------------------------+----------------------------------------------------------------------------+---------------+-------------+------------+
; Assignment Name                     ; Value                                                                      ; Default Value ; Entity Name ; Section Id ;
+-------------------------------------+----------------------------------------------------------------------------+---------------+-------------+------------+
; COMPILER_SIGNATURE_ID               ; 47100569291.159920497905632                                                ; --            ; --          ; --         ;
; MAX_CORE_JUNCTION_TEMP              ; 85                                                                         ; --            ; --          ; --         ;
; MIN_CORE_JUNCTION_TEMP              ; 0                                                                          ; --            ; --          ; --         ;
; MISC_FILE                           ; C:/Users/Etudiant/Documents/SALAZAR_SANOGO_BINOME7/Quartus 11/TPdeBase.dpf ; --            ; --          ; --         ;
; NOMINAL_CORE_SUPPLY_VOLTAGE         ; 1.2V                                                                       ; --            ; --          ; --         ;
; PARTITION_COLOR                     ; 16764057                                                                   ; --            ; --          ; Top        ;
; PARTITION_FITTER_PRESERVATION_LEVEL ; PLACEMENT_AND_ROUTING                                                      ; --            ; --          ; Top        ;
; PARTITION_NETLIST_TYPE              ; SOURCE                                                                     ; --            ; --          ; Top        ;
+-------------------------------------+----------------------------------------------------------------------------+---------------+-------------+------------+


+-------------------------------------------------------------------------------------------------------------------------------+
; Flow Elapsed Time                                                                                                             ;
+---------------------------+--------------+-------------------------+---------------------+------------------------------------+
; Module Name               ; Elapsed Time ; Average Processors Used ; Peak Virtual Memory ; Total CPU Time (on all processors) ;
+---------------------------+--------------+-------------------------+---------------------+------------------------------------+
; Analysis & Synthesis      ; 00:00:00     ; 1.0                     ; 257 MB              ; 00:00:01                           ;
; Fitter                    ; 00:00:03     ; 1.0                     ; 362 MB              ; 00:00:03                           ;
; Assembler                 ; 00:00:01     ; 1.0                     ; 282 MB              ; 00:00:01                           ;
; TimeQuest Timing Analyzer ; 00:00:02     ; 1.0                     ; 284 MB              ; 00:00:01                           ;
; Total                     ; 00:00:06     ; --                      ; --                  ; 00:00:06                           ;
+---------------------------+--------------+-------------------------+---------------------+------------------------------------+


+----------------------------------------------------------------------------------------+
; Flow OS Summary                                                                        ;
+---------------------------+------------------+-----------+------------+----------------+
; Module Name               ; Machine Hostname ; OS Name   ; OS Version ; Processor type ;
+---------------------------+------------------+-----------+------------+----------------+
; Analysis & Synthesis      ; U4-305p4         ; Windows 7 ; 6.1        ; x86_64         ;
; Fitter                    ; U4-305p4         ; Windows 7 ; 6.1        ; x86_64         ;
; Assembler                 ; U4-305p4         ; Windows 7 ; 6.1        ; x86_64         ;
; TimeQuest Timing Analyzer ; U4-305p4         ; Windows 7 ; 6.1        ; x86_64         ;
+---------------------------+------------------+-----------+------------+----------------+


------------
; Flow Log ;
------------
quartus_map --read_settings_files=on --write_settings_files=off TPdeBase -c TPdeBase
quartus_fit --read_settings_files=off --write_settings_files=off TPdeBase -c TPdeBase
quartus_asm --read_settings_files=off --write_settings_files=off TPdeBase -c TPdeBase
quartus_sta TPdeBase -c TPdeBase



