Flow report for Com_NMEA
Thu Nov 26 12:15:24 2020
Quartus II 64-Bit Version 15.0.0 Build 145 04/22/2015 SJ Web Edition


---------------------
; Table of Contents ;
---------------------
  1. Legal Notice
  2. Flow Summary
  3. Flow Settings
  4. Flow Non-Default Global Settings
  5. Flow Elapsed Time
  6. Flow OS Summary
  7. Flow Log
  8. Flow Messages
  9. Flow Suppressed Messages



----------------
; Legal Notice ;
----------------
Copyright (C) 1991-2015 Altera Corporation. All rights reserved.
Your use of Altera Corporation's design tools, logic functions 
and other software and tools, and its AMPP partner logic 
functions, and any output files from any of the foregoing 
(including device programming or simulation files), and any 
associated documentation or information are expressly subject 
to the terms and conditions of the Altera Program License 
Subscription Agreement, the Altera Quartus II License Agreement,
the Altera MegaCore Function License Agreement, or other 
applicable license agreement, including, without limitation, 
that your use is for the sole purpose of programming logic 
devices manufactured by Altera and sold by Altera or its 
authorized distributors.  Please refer to the applicable 
agreement for further details.



+---------------------------------------------------------------------------------+
; Flow Summary                                                                    ;
+------------------------------------+--------------------------------------------+
; Flow Status                        ; Successful - Thu Nov 26 12:15:24 2020      ;
; Quartus II 64-Bit Version          ; 15.0.0 Build 145 04/22/2015 SJ Web Edition ;
; Revision Name                      ; Com_NMEA                                   ;
; Top-level Entity Name              ; Com_NMEA                                   ;
; Family                             ; Cyclone IV E                               ;
; Device                             ; EP4CE22F17C6                               ;
; Timing Models                      ; Final                                      ;
; Total logic elements               ; 125 / 22,320 ( < 1 % )                     ;
;     Total combinational functions  ; 107 / 22,320 ( < 1 % )                     ;
;     Dedicated logic registers      ; 91 / 22,320 ( < 1 % )                      ;
; Total registers                    ; 91                                         ;
; Total pins                         ; 5 / 154 ( 3 % )                            ;
; Total virtual pins                 ; 0                                          ;
; Total memory bits                  ; 0 / 608,256 ( 0 % )                        ;
; Embedded Multiplier 9-bit elements ; 0 / 132 ( 0 % )                            ;
; Total PLLs                         ; 0 / 4 ( 0 % )                              ;
+------------------------------------+--------------------------------------------+


+-----------------------------------------+
; Flow Settings                           ;
+-------------------+---------------------+
; Option            ; Setting             ;
+-------------------+---------------------+
; Start date & time ; 11/26/2020 12:13:59 ;
; Main task         ; Compilation         ;
; Revision Name     ; Com_NMEA            ;
+-------------------+---------------------+


+----------------------------------------------------------------------------------------------------------------------+
; Flow Non-Default Global Settings                                                                                     ;
+-------------------------------------+---------------------------------+---------------+-------------+----------------+
; Assignment Name                     ; Value                           ; Default Value ; Entity Name ; Section Id     ;
+-------------------------------------+---------------------------------+---------------+-------------+----------------+
; COMPILER_SIGNATURE_ID               ; 211349272451406.160638923908736 ; --            ; --          ; --             ;
; EDA_OUTPUT_DATA_FORMAT              ; Vhdl                            ; --            ; --          ; eda_simulation ;
; EDA_SIMULATION_TOOL                 ; ModelSim-Altera (VHDL)          ; <None>        ; --          ; --             ;
; MAX_CORE_JUNCTION_TEMP              ; 85                              ; --            ; --          ; --             ;
; MIN_CORE_JUNCTION_TEMP              ; 0                               ; --            ; --          ; --             ;
; NOMINAL_CORE_SUPPLY_VOLTAGE         ; 1.2V                            ; --            ; --          ; --             ;
; PARTITION_COLOR                     ; 16764057                        ; --            ; --          ; Top            ;
; PARTITION_FITTER_PRESERVATION_LEVEL ; PLACEMENT_AND_ROUTING           ; --            ; --          ; Top            ;
; PARTITION_NETLIST_TYPE              ; SOURCE                          ; --            ; --          ; Top            ;
; PROJECT_OUTPUT_DIRECTORY            ; output_files                    ; --            ; --          ; --             ;
+-------------------------------------+---------------------------------+---------------+-------------+----------------+


+-------------------------------------------------------------------------------------------------------------------------------+
; Flow Elapsed Time                                                                                                             ;
+---------------------------+--------------+-------------------------+---------------------+------------------------------------+
; Module Name               ; Elapsed Time ; Average Processors Used ; Peak Virtual Memory ; Total CPU Time (on all processors) ;
+---------------------------+--------------+-------------------------+---------------------+------------------------------------+
; Analysis & Synthesis      ; 00:00:29     ; 1.0                     ; 705 MB              ; 00:00:52                           ;
; Fitter                    ; 00:00:22     ; 1.0                     ; 929 MB              ; 00:00:13                           ;
; Assembler                 ; 00:00:08     ; 1.0                     ; 600 MB              ; 00:00:03                           ;
; TimeQuest Timing Analyzer ; 00:00:07     ; 1.0                     ; 675 MB              ; 00:00:04                           ;
; EDA Netlist Writer        ; 00:00:03     ; 1.0                     ; 565 MB              ; 00:00:02                           ;
; Total                     ; 00:01:09     ; --                      ; --                  ; 00:01:14                           ;
+---------------------------+--------------+-------------------------+---------------------+------------------------------------+


+----------------------------------------------------------------------------------------+
; Flow OS Summary                                                                        ;
+---------------------------+------------------+-----------+------------+----------------+
; Module Name               ; Machine Hostname ; OS Name   ; OS Version ; Processor type ;
+---------------------------+------------------+-----------+------------+----------------+
; Analysis & Synthesis      ; Lamouss-PC       ; Windows 7 ; 6.2        ; x86_64         ;
; Fitter                    ; Lamouss-PC       ; Windows 7 ; 6.2        ; x86_64         ;
; Assembler                 ; Lamouss-PC       ; Windows 7 ; 6.2        ; x86_64         ;
; TimeQuest Timing Analyzer ; Lamouss-PC       ; Windows 7 ; 6.2        ; x86_64         ;
; EDA Netlist Writer        ; Lamouss-PC       ; Windows 7 ; 6.2        ; x86_64         ;
+---------------------------+------------------+-----------+------------+----------------+


------------
; Flow Log ;
------------
quartus_map --read_settings_files=on --write_settings_files=off Com_NMEA -c Com_NMEA
quartus_fit --read_settings_files=off --write_settings_files=off Com_NMEA -c Com_NMEA
quartus_asm --read_settings_files=off --write_settings_files=off Com_NMEA -c Com_NMEA
quartus_sta Com_NMEA -c Com_NMEA
quartus_eda --read_settings_files=off --write_settings_files=off Com_NMEA -c Com_NMEA



