Classic Timing Analyzer report for Compteur
Fri Sep 11 08:13:07 2020
Quartus II Version 9.0 Build 235 06/17/2009 Service Pack 2 SJ Web Edition


---------------------
; Table of Contents ;
---------------------
  1. Legal Notice
  2. Timing Analyzer Summary
  3. Timing Analyzer Settings
  4. Clock Settings Summary
  5. Parallel Compilation
  6. Clock Setup: 'clk'
  7. tco
  8. Timing Analyzer Messages



----------------
; Legal Notice ;
----------------
Copyright (C) 1991-2009 Altera Corporation
Your use of Altera Corporation's design tools, logic functions 
and other software and tools, and its AMPP partner logic 
functions, and any output files from any of the foregoing 
(including device programming or simulation files), and any 
associated documentation or information are expressly subject 
to the terms and conditions of the Altera Program License 
Subscription Agreement, Altera MegaCore Function License 
Agreement, or other applicable license agreement, including, 
without limitation, that your use is for the sole purpose of 
programming logic devices manufactured by Altera and sold by 
Altera or its authorized distributors.  Please refer to the 
applicable agreement for further details.



+---------------------------------------------------------------------------------------------------------------------------------------------------------------+
; Timing Analyzer Summary                                                                                                                                       ;
+------------------------------+-------+---------------+----------------------------------+--------------+---------------+------------+----------+--------------+
; Type                         ; Slack ; Required Time ; Actual Time                      ; From         ; To            ; From Clock ; To Clock ; Failed Paths ;
+------------------------------+-------+---------------+----------------------------------+--------------+---------------+------------+----------+--------------+
; Worst-case tco               ; N/A   ; None          ; 11.717 ns                        ; number[1]    ; busLed[1]     ; clk        ; --       ; 0            ;
; Clock Setup: 'clk'           ; N/A   ; None          ; 256.87 MHz ( period = 3.893 ns ) ; count_1Hz[0] ; count_1Hz[25] ; clk        ; clk      ; 0            ;
; Total number of failed paths ;       ;               ;                                  ;              ;               ;            ;          ; 0            ;
+------------------------------+-------+---------------+----------------------------------+--------------+---------------+------------+----------+--------------+


+--------------------------------------------------------------------------------------------------------------------+
; Timing Analyzer Settings                                                                                           ;
+---------------------------------------------------------------------+--------------------+------+----+-------------+
; Option                                                              ; Setting            ; From ; To ; Entity Name ;
+---------------------------------------------------------------------+--------------------+------+----+-------------+
; Device Name                                                         ; EP2C35F672C6       ;      ;    ;             ;
; Timing Models                                                       ; Final              ;      ;    ;             ;
; Default hold multicycle                                             ; Same as Multicycle ;      ;    ;             ;
; Cut paths between unrelated clock domains                           ; On                 ;      ;    ;             ;
; Cut off read during write signal paths                              ; On                 ;      ;    ;             ;
; Cut off feedback from I/O pins                                      ; On                 ;      ;    ;             ;
; Report Combined Fast/Slow Timing                                    ; Off                ;      ;    ;             ;
; Ignore Clock Settings                                               ; Off                ;      ;    ;             ;
; Analyze latches as synchronous elements                             ; On                 ;      ;    ;             ;
; Enable Recovery/Removal analysis                                    ; Off                ;      ;    ;             ;
; Enable Clock Latency                                                ; Off                ;      ;    ;             ;
; Use TimeQuest Timing Analyzer                                       ; Off                ;      ;    ;             ;
; Minimum Core Junction Temperature                                   ; 0                  ;      ;    ;             ;
; Maximum Core Junction Temperature                                   ; 85                 ;      ;    ;             ;
; Number of source nodes to report per destination node               ; 10                 ;      ;    ;             ;
; Number of destination nodes to report                               ; 10                 ;      ;    ;             ;
; Number of paths to report                                           ; 200                ;      ;    ;             ;
; Report Minimum Timing Checks                                        ; Off                ;      ;    ;             ;
; Use Fast Timing Models                                              ; Off                ;      ;    ;             ;
; Report IO Paths Separately                                          ; Off                ;      ;    ;             ;
; Perform Multicorner Analysis                                        ; On                 ;      ;    ;             ;
; Reports the worst-case path for each clock domain and analysis      ; Off                ;      ;    ;             ;
; Removes common clock path pessimism (CCPP) during slack computation ; Off                ;      ;    ;             ;
; Output I/O Timing Endpoint                                          ; Near End           ;      ;    ;             ;
+---------------------------------------------------------------------+--------------------+------+----+-------------+


+------------------------------------------------------------------------------------------------------------------------------------------------------------------------------------+
; Clock Settings Summary                                                                                                                                                             ;
+-----------------+--------------------+----------+------------------+---------------+--------------+----------+-----------------------+---------------------+--------+--------------+
; Clock Node Name ; Clock Setting Name ; Type     ; Fmax Requirement ; Early Latency ; Late Latency ; Based on ; Multiply Base Fmax by ; Divide Base Fmax by ; Offset ; Phase offset ;
+-----------------+--------------------+----------+------------------+---------------+--------------+----------+-----------------------+---------------------+--------+--------------+
; clk             ;                    ; User Pin ; None             ; 0.000 ns      ; 0.000 ns     ; --       ; N/A                   ; N/A                 ; N/A    ;              ;
+-----------------+--------------------+----------+------------------+---------------+--------------+----------+-----------------------+---------------------+--------+--------------+


Parallel compilation was disabled, but you have multiple processors available. Enable parallel compilation to reduce compilation time.
+-------------------------------------+
; Parallel Compilation                ;
+----------------------------+--------+
; Processors                 ; Number ;
+----------------------------+--------+
; Number detected on machine ; 4      ;
; Maximum allowed            ; 1      ;
+----------------------------+--------+


+-------------------------------------------------------------------------------------------------------------------------------------------------------------------------------------------------------------------------------------------+
; Clock Setup: 'clk'                                                                                                                                                                                                                        ;
+-----------------------------------------+-----------------------------------------------------+---------------+---------------+------------+----------+-----------------------------+---------------------------+-------------------------+
; Slack                                   ; Actual fmax (period)                                ; From          ; To            ; From Clock ; To Clock ; Required Setup Relationship ; Required Longest P2P Time ; Actual Longest P2P Time ;
+-----------------------------------------+-----------------------------------------------------+---------------+---------------+------------+----------+-----------------------------+---------------------------+-------------------------+
; N/A                                     ; 256.87 MHz ( period = 3.893 ns )                    ; count_1Hz[0]  ; count_1Hz[25] ; clk        ; clk      ; None                        ; None                      ; 3.677 ns                ;
; N/A                                     ; 261.03 MHz ( period = 3.831 ns )                    ; count_1Hz[1]  ; count_1Hz[25] ; clk        ; clk      ; None                        ; None                      ; 3.615 ns                ;
; N/A                                     ; 263.44 MHz ( period = 3.796 ns )                    ; count_1Hz[2]  ; count_1Hz[25] ; clk        ; clk      ; None                        ; None                      ; 3.580 ns                ;
; N/A                                     ; 266.52 MHz ( period = 3.752 ns )                    ; count_1Hz[0]  ; count_1Hz[23] ; clk        ; clk      ; None                        ; None                      ; 3.536 ns                ;
; N/A                                     ; 267.45 MHz ( period = 3.739 ns )                    ; count_1Hz[0]  ; count_1Hz[22] ; clk        ; clk      ; None                        ; None                      ; 3.523 ns                ;
; N/A                                     ; 268.46 MHz ( period = 3.725 ns )                    ; count_1Hz[3]  ; count_1Hz[25] ; clk        ; clk      ; None                        ; None                      ; 3.509 ns                ;
; N/A                                     ; 271.00 MHz ( period = 3.690 ns )                    ; count_1Hz[1]  ; count_1Hz[23] ; clk        ; clk      ; None                        ; None                      ; 3.474 ns                ;
; N/A                                     ; 271.96 MHz ( period = 3.677 ns )                    ; count_1Hz[1]  ; count_1Hz[22] ; clk        ; clk      ; None                        ; None                      ; 3.461 ns                ;
; N/A                                     ; 273.52 MHz ( period = 3.656 ns )                    ; count_1Hz[0]  ; count_1Hz[21] ; clk        ; clk      ; None                        ; None                      ; 3.440 ns                ;
; N/A                                     ; 273.60 MHz ( period = 3.655 ns )                    ; count_1Hz[2]  ; count_1Hz[23] ; clk        ; clk      ; None                        ; None                      ; 3.439 ns                ;
; N/A                                     ; 274.57 MHz ( period = 3.642 ns )                    ; count_1Hz[2]  ; count_1Hz[22] ; clk        ; clk      ; None                        ; None                      ; 3.426 ns                ;
; N/A                                     ; 276.40 MHz ( period = 3.618 ns )                    ; count_1Hz[4]  ; count_1Hz[25] ; clk        ; clk      ; None                        ; None                      ; 3.402 ns                ;
; N/A                                     ; 278.24 MHz ( period = 3.594 ns )                    ; count_1Hz[1]  ; count_1Hz[21] ; clk        ; clk      ; None                        ; None                      ; 3.378 ns                ;
; N/A                                     ; 279.02 MHz ( period = 3.584 ns )                    ; count_1Hz[3]  ; count_1Hz[23] ; clk        ; clk      ; None                        ; None                      ; 3.368 ns                ;
; N/A                                     ; 280.03 MHz ( period = 3.571 ns )                    ; count_1Hz[3]  ; count_1Hz[22] ; clk        ; clk      ; None                        ; None                      ; 3.355 ns                ;
; N/A                                     ; 280.98 MHz ( period = 3.559 ns )                    ; count_1Hz[2]  ; count_1Hz[21] ; clk        ; clk      ; None                        ; None                      ; 3.343 ns                ;
; N/A                                     ; 284.25 MHz ( period = 3.518 ns )                    ; count_1Hz[0]  ; count_1Hz[20] ; clk        ; clk      ; None                        ; None                      ; 3.302 ns                ;
; N/A                                     ; 286.29 MHz ( period = 3.493 ns )                    ; count_1Hz[5]  ; count_1Hz[25] ; clk        ; clk      ; None                        ; None                      ; 3.277 ns                ;
; N/A                                     ; 286.70 MHz ( period = 3.488 ns )                    ; count_1Hz[3]  ; count_1Hz[21] ; clk        ; clk      ; None                        ; None                      ; 3.272 ns                ;
; N/A                                     ; 287.60 MHz ( period = 3.477 ns )                    ; count_1Hz[4]  ; count_1Hz[23] ; clk        ; clk      ; None                        ; None                      ; 3.261 ns                ;
; N/A                                     ; 288.68 MHz ( period = 3.464 ns )                    ; count_1Hz[4]  ; count_1Hz[22] ; clk        ; clk      ; None                        ; None                      ; 3.248 ns                ;
; N/A                                     ; 289.35 MHz ( period = 3.456 ns )                    ; count_1Hz[1]  ; count_1Hz[20] ; clk        ; clk      ; None                        ; None                      ; 3.240 ns                ;
; N/A                                     ; 289.60 MHz ( period = 3.453 ns )                    ; count_1Hz[12] ; count_1Hz[25] ; clk        ; clk      ; None                        ; None                      ; 3.239 ns                ;
; N/A                                     ; 290.87 MHz ( period = 3.438 ns )                    ; count_1Hz[0]  ; count_1Hz[26] ; clk        ; clk      ; None                        ; None                      ; 3.222 ns                ;
; N/A                                     ; 290.87 MHz ( period = 3.438 ns )                    ; count_1Hz[0]  ; count_1Hz[19] ; clk        ; clk      ; None                        ; None                      ; 3.222 ns                ;
; N/A                                     ; 292.31 MHz ( period = 3.421 ns )                    ; count_1Hz[2]  ; count_1Hz[20] ; clk        ; clk      ; None                        ; None                      ; 3.205 ns                ;
; N/A                                     ; 294.90 MHz ( period = 3.391 ns )                    ; count_1Hz[6]  ; count_1Hz[25] ; clk        ; clk      ; None                        ; None                      ; 3.175 ns                ;
; N/A                                     ; 295.77 MHz ( period = 3.381 ns )                    ; count_1Hz[4]  ; count_1Hz[21] ; clk        ; clk      ; None                        ; None                      ; 3.165 ns                ;
; N/A                                     ; 296.21 MHz ( period = 3.376 ns )                    ; count_1Hz[1]  ; count_1Hz[26] ; clk        ; clk      ; None                        ; None                      ; 3.160 ns                ;
; N/A                                     ; 296.21 MHz ( period = 3.376 ns )                    ; count_1Hz[1]  ; count_1Hz[19] ; clk        ; clk      ; None                        ; None                      ; 3.160 ns                ;
; N/A                                     ; 297.27 MHz ( period = 3.364 ns )                    ; count_1Hz[0]  ; count_1Hz[13] ; clk        ; clk      ; None                        ; None                      ; 3.148 ns                ;
; N/A                                     ; 298.33 MHz ( period = 3.352 ns )                    ; count_1Hz[5]  ; count_1Hz[23] ; clk        ; clk      ; None                        ; None                      ; 3.136 ns                ;
; N/A                                     ; 298.51 MHz ( period = 3.350 ns )                    ; count_1Hz[3]  ; count_1Hz[20] ; clk        ; clk      ; None                        ; None                      ; 3.134 ns                ;
; N/A                                     ; 299.31 MHz ( period = 3.341 ns )                    ; count_1Hz[2]  ; count_1Hz[26] ; clk        ; clk      ; None                        ; None                      ; 3.125 ns                ;
; N/A                                     ; 299.31 MHz ( period = 3.341 ns )                    ; count_1Hz[2]  ; count_1Hz[19] ; clk        ; clk      ; None                        ; None                      ; 3.125 ns                ;
; N/A                                     ; 299.49 MHz ( period = 3.339 ns )                    ; count_1Hz[5]  ; count_1Hz[22] ; clk        ; clk      ; None                        ; None                      ; 3.123 ns                ;
; N/A                                     ; 300.66 MHz ( period = 3.326 ns )                    ; count_1Hz[7]  ; count_1Hz[25] ; clk        ; clk      ; None                        ; None                      ; 3.110 ns                ;
; N/A                                     ; 301.93 MHz ( period = 3.312 ns )                    ; count_1Hz[12] ; count_1Hz[23] ; clk        ; clk      ; None                        ; None                      ; 3.098 ns                ;
; N/A                                     ; 302.85 MHz ( period = 3.302 ns )                    ; count_1Hz[1]  ; count_1Hz[13] ; clk        ; clk      ; None                        ; None                      ; 3.086 ns                ;
; N/A                                     ; 303.12 MHz ( period = 3.299 ns )                    ; count_1Hz[12] ; count_1Hz[22] ; clk        ; clk      ; None                        ; None                      ; 3.085 ns                ;
; N/A                                     ; 303.40 MHz ( period = 3.296 ns )                    ; count_1Hz[0]  ; count_1Hz[24] ; clk        ; clk      ; None                        ; None                      ; 3.080 ns                ;
; N/A                                     ; 303.58 MHz ( period = 3.294 ns )                    ; count_1Hz[0]  ; count_1Hz[17] ; clk        ; clk      ; None                        ; None                      ; 3.078 ns                ;
; N/A                                     ; 304.60 MHz ( period = 3.283 ns )                    ; count_1Hz[0]  ; count_1Hz[12] ; clk        ; clk      ; None                        ; None                      ; 3.067 ns                ;
; N/A                                     ; 305.34 MHz ( period = 3.275 ns )                    ; count_1Hz[0]  ; count_1Hz[15] ; clk        ; clk      ; None                        ; None                      ; 3.059 ns                ;
; N/A                                     ; 305.81 MHz ( period = 3.270 ns )                    ; count_1Hz[3]  ; count_1Hz[26] ; clk        ; clk      ; None                        ; None                      ; 3.054 ns                ;
; N/A                                     ; 305.81 MHz ( period = 3.270 ns )                    ; count_1Hz[3]  ; count_1Hz[19] ; clk        ; clk      ; None                        ; None                      ; 3.054 ns                ;
; N/A                                     ; 306.09 MHz ( period = 3.267 ns )                    ; count_1Hz[2]  ; count_1Hz[13] ; clk        ; clk      ; None                        ; None                      ; 3.051 ns                ;
; N/A                                     ; 307.13 MHz ( period = 3.256 ns )                    ; count_1Hz[5]  ; count_1Hz[21] ; clk        ; clk      ; None                        ; None                      ; 3.040 ns                ;
; N/A                                     ; 307.31 MHz ( period = 3.254 ns )                    ; count_1Hz[8]  ; count_1Hz[25] ; clk        ; clk      ; None                        ; None                      ; 3.038 ns                ;
; N/A                                     ; 307.69 MHz ( period = 3.250 ns )                    ; count_1Hz[6]  ; count_1Hz[23] ; clk        ; clk      ; None                        ; None                      ; 3.034 ns                ;
; N/A                                     ; 308.36 MHz ( period = 3.243 ns )                    ; count_1Hz[4]  ; count_1Hz[20] ; clk        ; clk      ; None                        ; None                      ; 3.027 ns                ;
; N/A                                     ; 308.93 MHz ( period = 3.237 ns )                    ; count_1Hz[6]  ; count_1Hz[22] ; clk        ; clk      ; None                        ; None                      ; 3.021 ns                ;
; N/A                                     ; 309.21 MHz ( period = 3.234 ns )                    ; count_1Hz[1]  ; count_1Hz[24] ; clk        ; clk      ; None                        ; None                      ; 3.018 ns                ;
; N/A                                     ; 309.41 MHz ( period = 3.232 ns )                    ; count_1Hz[1]  ; count_1Hz[17] ; clk        ; clk      ; None                        ; None                      ; 3.016 ns                ;
; N/A                                     ; 310.46 MHz ( period = 3.221 ns )                    ; count_1Hz[1]  ; count_1Hz[12] ; clk        ; clk      ; None                        ; None                      ; 3.005 ns                ;
; N/A                                     ; 310.95 MHz ( period = 3.216 ns )                    ; count_1Hz[12] ; count_1Hz[21] ; clk        ; clk      ; None                        ; None                      ; 3.002 ns                ;
; N/A                                     ; 311.14 MHz ( period = 3.214 ns )                    ; count_1Hz[9]  ; count_1Hz[25] ; clk        ; clk      ; None                        ; None                      ; 2.998 ns                ;
; N/A                                     ; 311.24 MHz ( period = 3.213 ns )                    ; count_1Hz[1]  ; count_1Hz[15] ; clk        ; clk      ; None                        ; None                      ; 2.997 ns                ;
; N/A                                     ; 312.60 MHz ( period = 3.199 ns )                    ; count_1Hz[2]  ; count_1Hz[24] ; clk        ; clk      ; None                        ; None                      ; 2.983 ns                ;
; N/A                                     ; 312.79 MHz ( period = 3.197 ns )                    ; count_1Hz[2]  ; count_1Hz[17] ; clk        ; clk      ; None                        ; None                      ; 2.981 ns                ;
; N/A                                     ; 312.89 MHz ( period = 3.196 ns )                    ; count_1Hz[3]  ; count_1Hz[13] ; clk        ; clk      ; None                        ; None                      ; 2.980 ns                ;
; N/A                                     ; 313.87 MHz ( period = 3.186 ns )                    ; count_1Hz[2]  ; count_1Hz[12] ; clk        ; clk      ; None                        ; None                      ; 2.970 ns                ;
; N/A                                     ; 313.97 MHz ( period = 3.185 ns )                    ; count_1Hz[7]  ; count_1Hz[23] ; clk        ; clk      ; None                        ; None                      ; 2.969 ns                ;
; N/A                                     ; 314.66 MHz ( period = 3.178 ns )                    ; count_1Hz[2]  ; count_1Hz[15] ; clk        ; clk      ; None                        ; None                      ; 2.962 ns                ;
; N/A                                     ; 315.26 MHz ( period = 3.172 ns )                    ; count_1Hz[7]  ; count_1Hz[22] ; clk        ; clk      ; None                        ; None                      ; 2.956 ns                ;
; N/A                                     ; 316.16 MHz ( period = 3.163 ns )                    ; count_1Hz[4]  ; count_1Hz[26] ; clk        ; clk      ; None                        ; None                      ; 2.947 ns                ;
; N/A                                     ; 316.16 MHz ( period = 3.163 ns )                    ; count_1Hz[4]  ; count_1Hz[19] ; clk        ; clk      ; None                        ; None                      ; 2.947 ns                ;
; N/A                                     ; 317.06 MHz ( period = 3.154 ns )                    ; count_1Hz[6]  ; count_1Hz[21] ; clk        ; clk      ; None                        ; None                      ; 2.938 ns                ;
; N/A                                     ; 317.16 MHz ( period = 3.153 ns )                    ; count_1Hz[11] ; count_1Hz[0]  ; clk        ; clk      ; None                        ; None                      ; 2.939 ns                ;
; N/A                                     ; 317.26 MHz ( period = 3.152 ns )                    ; count_1Hz[11] ; count_1Hz[7]  ; clk        ; clk      ; None                        ; None                      ; 2.938 ns                ;
; N/A                                     ; 317.86 MHz ( period = 3.146 ns )                    ; count_1Hz[25] ; count_1Hz[0]  ; clk        ; clk      ; None                        ; None                      ; 2.934 ns                ;
; N/A                                     ; 317.97 MHz ( period = 3.145 ns )                    ; count_1Hz[25] ; count_1Hz[7]  ; clk        ; clk      ; None                        ; None                      ; 2.933 ns                ;
; N/A                                     ; 319.69 MHz ( period = 3.128 ns )                    ; count_1Hz[3]  ; count_1Hz[24] ; clk        ; clk      ; None                        ; None                      ; 2.912 ns                ;
; N/A                                     ; 319.90 MHz ( period = 3.126 ns )                    ; count_1Hz[3]  ; count_1Hz[17] ; clk        ; clk      ; None                        ; None                      ; 2.910 ns                ;
; N/A                                     ; 320.41 MHz ( period = 3.121 ns )                    ; count_1Hz[11] ; count_1Hz[23] ; clk        ; clk      ; None                        ; None                      ; 2.905 ns                ;
; N/A                                     ; 320.41 MHz ( period = 3.121 ns )                    ; count_1Hz[11] ; count_1Hz[25] ; clk        ; clk      ; None                        ; None                      ; 2.905 ns                ;
; N/A                                     ; 320.72 MHz ( period = 3.118 ns )                    ; count_1Hz[5]  ; count_1Hz[20] ; clk        ; clk      ; None                        ; None                      ; 2.902 ns                ;
; N/A                                     ; 321.03 MHz ( period = 3.115 ns )                    ; count_1Hz[3]  ; count_1Hz[12] ; clk        ; clk      ; None                        ; None                      ; 2.899 ns                ;
; N/A                                     ; 321.13 MHz ( period = 3.114 ns )                    ; count_1Hz[25] ; count_1Hz[23] ; clk        ; clk      ; None                        ; None                      ; 2.900 ns                ;
; N/A                                     ; 321.13 MHz ( period = 3.114 ns )                    ; count_1Hz[25] ; count_1Hz[25] ; clk        ; clk      ; None                        ; None                      ; 2.900 ns                ;
; N/A                                     ; 321.23 MHz ( period = 3.113 ns )                    ; count_1Hz[8]  ; count_1Hz[23] ; clk        ; clk      ; None                        ; None                      ; 2.897 ns                ;
; N/A                                     ; 321.85 MHz ( period = 3.107 ns )                    ; count_1Hz[3]  ; count_1Hz[15] ; clk        ; clk      ; None                        ; None                      ; 2.891 ns                ;
; N/A                                     ; 322.58 MHz ( period = 3.100 ns )                    ; count_1Hz[10] ; count_1Hz[25] ; clk        ; clk      ; None                        ; None                      ; 2.884 ns                ;
; N/A                                     ; 322.58 MHz ( period = 3.100 ns )                    ; count_1Hz[8]  ; count_1Hz[22] ; clk        ; clk      ; None                        ; None                      ; 2.884 ns                ;
; N/A                                     ; 323.73 MHz ( period = 3.089 ns )                    ; count_1Hz[4]  ; count_1Hz[13] ; clk        ; clk      ; None                        ; None                      ; 2.873 ns                ;
; N/A                                     ; 323.73 MHz ( period = 3.089 ns )                    ; count_1Hz[7]  ; count_1Hz[21] ; clk        ; clk      ; None                        ; None                      ; 2.873 ns                ;
; N/A                                     ; 323.94 MHz ( period = 3.087 ns )                    ; count_1Hz[0]  ; count_1Hz[14] ; clk        ; clk      ; None                        ; None                      ; 2.871 ns                ;
; N/A                                     ; 324.89 MHz ( period = 3.078 ns )                    ; count_1Hz[12] ; count_1Hz[20] ; clk        ; clk      ; None                        ; None                      ; 2.864 ns                ;
; N/A                                     ; 325.41 MHz ( period = 3.073 ns )                    ; count_1Hz[9]  ; count_1Hz[23] ; clk        ; clk      ; None                        ; None                      ; 2.857 ns                ;
; N/A                                     ; 326.80 MHz ( period = 3.060 ns )                    ; count_1Hz[9]  ; count_1Hz[22] ; clk        ; clk      ; None                        ; None                      ; 2.844 ns                ;
; N/A                                     ; 328.30 MHz ( period = 3.046 ns )                    ; count_1Hz[18] ; count_1Hz[0]  ; clk        ; clk      ; None                        ; None                      ; 2.834 ns                ;
; N/A                                     ; 328.41 MHz ( period = 3.045 ns )                    ; count_1Hz[18] ; count_1Hz[7]  ; clk        ; clk      ; None                        ; None                      ; 2.833 ns                ;
; N/A                                     ; 329.16 MHz ( period = 3.038 ns )                    ; count_1Hz[5]  ; count_1Hz[26] ; clk        ; clk      ; None                        ; None                      ; 2.822 ns                ;
; N/A                                     ; 329.16 MHz ( period = 3.038 ns )                    ; count_1Hz[5]  ; count_1Hz[19] ; clk        ; clk      ; None                        ; None                      ; 2.822 ns                ;
; N/A                                     ; 329.60 MHz ( period = 3.034 ns )                    ; count_1Hz[13] ; count_1Hz[25] ; clk        ; clk      ; None                        ; None                      ; 2.820 ns                ;
; N/A                                     ; 330.58 MHz ( period = 3.025 ns )                    ; count_1Hz[1]  ; count_1Hz[14] ; clk        ; clk      ; None                        ; None                      ; 2.809 ns                ;
; N/A                                     ; 331.02 MHz ( period = 3.021 ns )                    ; count_1Hz[4]  ; count_1Hz[24] ; clk        ; clk      ; None                        ; None                      ; 2.805 ns                ;
; N/A                                     ; 331.24 MHz ( period = 3.019 ns )                    ; count_1Hz[4]  ; count_1Hz[17] ; clk        ; clk      ; None                        ; None                      ; 2.803 ns                ;
; N/A                                     ; 331.46 MHz ( period = 3.017 ns )                    ; count_1Hz[8]  ; count_1Hz[21] ; clk        ; clk      ; None                        ; None                      ; 2.801 ns                ;
; N/A                                     ; 331.56 MHz ( period = 3.016 ns )                    ; count_1Hz[6]  ; count_1Hz[20] ; clk        ; clk      ; None                        ; None                      ; 2.800 ns                ;
; N/A                                     ; 331.79 MHz ( period = 3.014 ns )                    ; count_1Hz[18] ; count_1Hz[23] ; clk        ; clk      ; None                        ; None                      ; 2.800 ns                ;
; N/A                                     ; 331.79 MHz ( period = 3.014 ns )                    ; count_1Hz[18] ; count_1Hz[25] ; clk        ; clk      ; None                        ; None                      ; 2.800 ns                ;
; N/A                                     ; 332.12 MHz ( period = 3.011 ns )                    ; count_1Hz[23] ; count_1Hz[0]  ; clk        ; clk      ; None                        ; None                      ; 2.799 ns                ;
; N/A                                     ; 332.23 MHz ( period = 3.010 ns )                    ; count_1Hz[23] ; count_1Hz[7]  ; clk        ; clk      ; None                        ; None                      ; 2.798 ns                ;
; N/A                                     ; 332.45 MHz ( period = 3.008 ns )                    ; count_1Hz[4]  ; count_1Hz[12] ; clk        ; clk      ; None                        ; None                      ; 2.792 ns                ;
; N/A                                     ; 333.33 MHz ( period = 3.000 ns )                    ; count_1Hz[4]  ; count_1Hz[15] ; clk        ; clk      ; None                        ; None                      ; 2.784 ns                ;
; N/A                                     ; 333.56 MHz ( period = 2.998 ns )                    ; count_1Hz[12] ; count_1Hz[26] ; clk        ; clk      ; None                        ; None                      ; 2.784 ns                ;
; N/A                                     ; 333.56 MHz ( period = 2.998 ns )                    ; count_1Hz[12] ; count_1Hz[19] ; clk        ; clk      ; None                        ; None                      ; 2.784 ns                ;
; N/A                                     ; 334.45 MHz ( period = 2.990 ns )                    ; count_1Hz[2]  ; count_1Hz[14] ; clk        ; clk      ; None                        ; None                      ; 2.774 ns                ;
; N/A                                     ; 335.35 MHz ( period = 2.982 ns )                    ; count_1Hz[26] ; count_1Hz[0]  ; clk        ; clk      ; None                        ; None                      ; 2.770 ns                ;
; N/A                                     ; 335.46 MHz ( period = 2.981 ns )                    ; count_1Hz[26] ; count_1Hz[7]  ; clk        ; clk      ; None                        ; None                      ; 2.769 ns                ;
; N/A                                     ; 335.68 MHz ( period = 2.979 ns )                    ; count_1Hz[23] ; count_1Hz[23] ; clk        ; clk      ; None                        ; None                      ; 2.765 ns                ;
; N/A                                     ; 335.68 MHz ( period = 2.979 ns )                    ; count_1Hz[23] ; count_1Hz[25] ; clk        ; clk      ; None                        ; None                      ; 2.765 ns                ;
; N/A                                     ; 335.91 MHz ( period = 2.977 ns )                    ; count_1Hz[9]  ; count_1Hz[21] ; clk        ; clk      ; None                        ; None                      ; 2.761 ns                ;
; N/A                                     ; 337.38 MHz ( period = 2.964 ns )                    ; count_1Hz[5]  ; count_1Hz[13] ; clk        ; clk      ; None                        ; None                      ; 2.748 ns                ;
; N/A                                     ; 337.95 MHz ( period = 2.959 ns )                    ; count_1Hz[10] ; count_1Hz[23] ; clk        ; clk      ; None                        ; None                      ; 2.743 ns                ;
; N/A                                     ; 338.87 MHz ( period = 2.951 ns )                    ; count_1Hz[7]  ; count_1Hz[20] ; clk        ; clk      ; None                        ; None                      ; 2.735 ns                ;
; N/A                                     ; 338.98 MHz ( period = 2.950 ns )                    ; count_1Hz[26] ; count_1Hz[23] ; clk        ; clk      ; None                        ; None                      ; 2.736 ns                ;
; N/A                                     ; 338.98 MHz ( period = 2.950 ns )                    ; count_1Hz[26] ; count_1Hz[25] ; clk        ; clk      ; None                        ; None                      ; 2.736 ns                ;
; N/A                                     ; 339.44 MHz ( period = 2.946 ns )                    ; count_1Hz[10] ; count_1Hz[22] ; clk        ; clk      ; None                        ; None                      ; 2.730 ns                ;
; N/A                                     ; 340.02 MHz ( period = 2.941 ns )                    ; count_1Hz[14] ; count_1Hz[25] ; clk        ; clk      ; None                        ; None                      ; 2.727 ns                ;
; N/A                                     ; 340.60 MHz ( period = 2.936 ns )                    ; count_1Hz[6]  ; count_1Hz[26] ; clk        ; clk      ; None                        ; None                      ; 2.720 ns                ;
; N/A                                     ; 340.60 MHz ( period = 2.936 ns )                    ; count_1Hz[6]  ; count_1Hz[19] ; clk        ; clk      ; None                        ; None                      ; 2.720 ns                ;
; N/A                                     ; 341.06 MHz ( period = 2.932 ns )                    ; count_1Hz[11] ; count_1Hz[17] ; clk        ; clk      ; None                        ; None                      ; 2.716 ns                ;
; N/A                                     ; 341.06 MHz ( period = 2.932 ns )                    ; count_1Hz[11] ; count_1Hz[20] ; clk        ; clk      ; None                        ; None                      ; 2.716 ns                ;
; N/A                                     ; 341.65 MHz ( period = 2.927 ns )                    ; count_1Hz[11] ; count_1Hz[19] ; clk        ; clk      ; None                        ; None                      ; 2.711 ns                ;
; N/A                                     ; 341.88 MHz ( period = 2.925 ns )                    ; count_1Hz[25] ; count_1Hz[17] ; clk        ; clk      ; None                        ; None                      ; 2.711 ns                ;
; N/A                                     ; 341.88 MHz ( period = 2.925 ns )                    ; count_1Hz[25] ; count_1Hz[20] ; clk        ; clk      ; None                        ; None                      ; 2.711 ns                ;
; N/A                                     ; 341.88 MHz ( period = 2.925 ns )                    ; count_1Hz[11] ; count_1Hz[21] ; clk        ; clk      ; None                        ; None                      ; 2.709 ns                ;
; N/A                                     ; 342.00 MHz ( period = 2.924 ns )                    ; count_1Hz[11] ; count_1Hz[14] ; clk        ; clk      ; None                        ; None                      ; 2.708 ns                ;
; N/A                                     ; 342.00 MHz ( period = 2.924 ns )                    ; count_1Hz[12] ; count_1Hz[13] ; clk        ; clk      ; None                        ; None                      ; 2.710 ns                ;
; N/A                                     ; 342.23 MHz ( period = 2.922 ns )                    ; count_1Hz[11] ; count_1Hz[22] ; clk        ; clk      ; None                        ; None                      ; 2.706 ns                ;
; N/A                                     ; 342.47 MHz ( period = 2.920 ns )                    ; count_1Hz[25] ; count_1Hz[19] ; clk        ; clk      ; None                        ; None                      ; 2.706 ns                ;
; N/A                                     ; 342.58 MHz ( period = 2.919 ns )                    ; count_1Hz[3]  ; count_1Hz[14] ; clk        ; clk      ; None                        ; None                      ; 2.703 ns                ;
; N/A                                     ; 342.70 MHz ( period = 2.918 ns )                    ; count_1Hz[25] ; count_1Hz[21] ; clk        ; clk      ; None                        ; None                      ; 2.704 ns                ;
; N/A                                     ; 342.82 MHz ( period = 2.917 ns )                    ; count_1Hz[25] ; count_1Hz[14] ; clk        ; clk      ; None                        ; None                      ; 2.703 ns                ;
; N/A                                     ; 343.05 MHz ( period = 2.915 ns )                    ; count_1Hz[25] ; count_1Hz[22] ; clk        ; clk      ; None                        ; None                      ; 2.701 ns                ;
; N/A                                     ; 344.59 MHz ( period = 2.902 ns )                    ; count_1Hz[16] ; count_1Hz[0]  ; clk        ; clk      ; None                        ; None                      ; 2.690 ns                ;
; N/A                                     ; 344.71 MHz ( period = 2.901 ns )                    ; count_1Hz[16] ; count_1Hz[7]  ; clk        ; clk      ; None                        ; None                      ; 2.689 ns                ;
; N/A                                     ; 345.30 MHz ( period = 2.896 ns )                    ; count_1Hz[5]  ; count_1Hz[24] ; clk        ; clk      ; None                        ; None                      ; 2.680 ns                ;
; N/A                                     ; 345.54 MHz ( period = 2.894 ns )                    ; count_1Hz[5]  ; count_1Hz[17] ; clk        ; clk      ; None                        ; None                      ; 2.678 ns                ;
; N/A                                     ; 345.66 MHz ( period = 2.893 ns )                    ; count_1Hz[13] ; count_1Hz[23] ; clk        ; clk      ; None                        ; None                      ; 2.679 ns                ;
; N/A                                     ; 346.86 MHz ( period = 2.883 ns )                    ; count_1Hz[5]  ; count_1Hz[12] ; clk        ; clk      ; None                        ; None                      ; 2.667 ns                ;
; N/A                                     ; 347.22 MHz ( period = 2.880 ns )                    ; count_1Hz[13] ; count_1Hz[22] ; clk        ; clk      ; None                        ; None                      ; 2.666 ns                ;
; N/A                                     ; 347.34 MHz ( period = 2.879 ns )                    ; count_1Hz[8]  ; count_1Hz[20] ; clk        ; clk      ; None                        ; None                      ; 2.663 ns                ;
; N/A                                     ; 347.83 MHz ( period = 2.875 ns )                    ; count_1Hz[5]  ; count_1Hz[15] ; clk        ; clk      ; None                        ; None                      ; 2.659 ns                ;
; N/A                                     ; 348.31 MHz ( period = 2.871 ns )                    ; count_1Hz[15] ; count_1Hz[0]  ; clk        ; clk      ; None                        ; None                      ; 2.659 ns                ;
; N/A                                     ; 348.31 MHz ( period = 2.871 ns )                    ; count_1Hz[7]  ; count_1Hz[26] ; clk        ; clk      ; None                        ; None                      ; 2.655 ns                ;
; N/A                                     ; 348.31 MHz ( period = 2.871 ns )                    ; count_1Hz[7]  ; count_1Hz[19] ; clk        ; clk      ; None                        ; None                      ; 2.655 ns                ;
; N/A                                     ; 348.43 MHz ( period = 2.870 ns )                    ; count_1Hz[16] ; count_1Hz[23] ; clk        ; clk      ; None                        ; None                      ; 2.656 ns                ;
; N/A                                     ; 348.43 MHz ( period = 2.870 ns )                    ; count_1Hz[16] ; count_1Hz[25] ; clk        ; clk      ; None                        ; None                      ; 2.656 ns                ;
; N/A                                     ; 348.43 MHz ( period = 2.870 ns )                    ; count_1Hz[15] ; count_1Hz[7]  ; clk        ; clk      ; None                        ; None                      ; 2.658 ns                ;
; N/A                                     ; 349.28 MHz ( period = 2.863 ns )                    ; count_1Hz[10] ; count_1Hz[21] ; clk        ; clk      ; None                        ; None                      ; 2.647 ns                ;
; N/A                                     ; 349.41 MHz ( period = 2.862 ns )                    ; count_1Hz[6]  ; count_1Hz[13] ; clk        ; clk      ; None                        ; None                      ; 2.646 ns                ;
; N/A                                     ; 350.14 MHz ( period = 2.856 ns )                    ; count_1Hz[12] ; count_1Hz[24] ; clk        ; clk      ; None                        ; None                      ; 2.642 ns                ;
; N/A                                     ; 350.39 MHz ( period = 2.854 ns )                    ; count_1Hz[12] ; count_1Hz[17] ; clk        ; clk      ; None                        ; None                      ; 2.640 ns                ;
; N/A                                     ; 352.24 MHz ( period = 2.839 ns )                    ; count_1Hz[15] ; count_1Hz[23] ; clk        ; clk      ; None                        ; None                      ; 2.625 ns                ;
; N/A                                     ; 352.24 MHz ( period = 2.839 ns )                    ; count_1Hz[15] ; count_1Hz[25] ; clk        ; clk      ; None                        ; None                      ; 2.625 ns                ;
; N/A                                     ; 352.24 MHz ( period = 2.839 ns )                    ; count_1Hz[9]  ; count_1Hz[20] ; clk        ; clk      ; None                        ; None                      ; 2.623 ns                ;
; N/A                                     ; 352.73 MHz ( period = 2.835 ns )                    ; count_1Hz[12] ; count_1Hz[15] ; clk        ; clk      ; None                        ; None                      ; 2.621 ns                ;
; N/A                                     ; 353.98 MHz ( period = 2.825 ns )                    ; count_1Hz[18] ; count_1Hz[17] ; clk        ; clk      ; None                        ; None                      ; 2.611 ns                ;
; N/A                                     ; 353.98 MHz ( period = 2.825 ns )                    ; count_1Hz[18] ; count_1Hz[20] ; clk        ; clk      ; None                        ; None                      ; 2.611 ns                ;
; N/A                                     ; 354.61 MHz ( period = 2.820 ns )                    ; count_1Hz[18] ; count_1Hz[19] ; clk        ; clk      ; None                        ; None                      ; 2.606 ns                ;
; N/A                                     ; 354.86 MHz ( period = 2.818 ns )                    ; count_1Hz[18] ; count_1Hz[21] ; clk        ; clk      ; None                        ; None                      ; 2.604 ns                ;
; N/A                                     ; 354.99 MHz ( period = 2.817 ns )                    ; count_1Hz[18] ; count_1Hz[14] ; clk        ; clk      ; None                        ; None                      ; 2.603 ns                ;
; N/A                                     ; 355.24 MHz ( period = 2.815 ns )                    ; count_1Hz[18] ; count_1Hz[22] ; clk        ; clk      ; None                        ; None                      ; 2.601 ns                ;
; N/A                                     ; 355.62 MHz ( period = 2.812 ns )                    ; count_1Hz[4]  ; count_1Hz[14] ; clk        ; clk      ; None                        ; None                      ; 2.596 ns                ;
; N/A                                     ; 357.14 MHz ( period = 2.800 ns )                    ; count_1Hz[14] ; count_1Hz[23] ; clk        ; clk      ; None                        ; None                      ; 2.586 ns                ;
; N/A                                     ; 357.27 MHz ( period = 2.799 ns )                    ; count_1Hz[8]  ; count_1Hz[26] ; clk        ; clk      ; None                        ; None                      ; 2.583 ns                ;
; N/A                                     ; 357.27 MHz ( period = 2.799 ns )                    ; count_1Hz[8]  ; count_1Hz[19] ; clk        ; clk      ; None                        ; None                      ; 2.583 ns                ;
; N/A                                     ; 357.53 MHz ( period = 2.797 ns )                    ; count_1Hz[7]  ; count_1Hz[13] ; clk        ; clk      ; None                        ; None                      ; 2.581 ns                ;
; N/A                                     ; 357.53 MHz ( period = 2.797 ns )                    ; count_1Hz[13] ; count_1Hz[21] ; clk        ; clk      ; None                        ; None                      ; 2.583 ns                ;
; N/A                                     ; 357.91 MHz ( period = 2.794 ns )                    ; count_1Hz[6]  ; count_1Hz[24] ; clk        ; clk      ; None                        ; None                      ; 2.578 ns                ;
; N/A                                     ; 358.17 MHz ( period = 2.792 ns )                    ; count_1Hz[6]  ; count_1Hz[17] ; clk        ; clk      ; None                        ; None                      ; 2.576 ns                ;
; N/A                                     ; 358.17 MHz ( period = 2.792 ns )                    ; count_1Hz[8]  ; clk_1Hz       ; clk        ; clk      ; None                        ; None                      ; 2.523 ns                ;
; N/A                                     ; 358.42 MHz ( period = 2.790 ns )                    ; count_1Hz[5]  ; count_1Hz[0]  ; clk        ; clk      ; None                        ; None                      ; 2.576 ns                ;
; N/A                                     ; 358.42 MHz ( period = 2.790 ns )                    ; count_1Hz[23] ; count_1Hz[17] ; clk        ; clk      ; None                        ; None                      ; 2.576 ns                ;
; N/A                                     ; 358.42 MHz ( period = 2.790 ns )                    ; count_1Hz[23] ; count_1Hz[20] ; clk        ; clk      ; None                        ; None                      ; 2.576 ns                ;
; N/A                                     ; 358.42 MHz ( period = 2.790 ns )                    ; count_1Hz[5]  ; count_1Hz[7]  ; clk        ; clk      ; None                        ; None                      ; 2.576 ns                ;
; N/A                                     ; 358.81 MHz ( period = 2.787 ns )                    ; count_1Hz[14] ; count_1Hz[22] ; clk        ; clk      ; None                        ; None                      ; 2.573 ns                ;
; N/A                                     ; 359.07 MHz ( period = 2.785 ns )                    ; count_1Hz[23] ; count_1Hz[19] ; clk        ; clk      ; None                        ; None                      ; 2.571 ns                ;
; N/A                                     ; 359.32 MHz ( period = 2.783 ns )                    ; count_1Hz[23] ; count_1Hz[21] ; clk        ; clk      ; None                        ; None                      ; 2.569 ns                ;
; N/A                                     ; 359.45 MHz ( period = 2.782 ns )                    ; count_1Hz[0]  ; count_1Hz[18] ; clk        ; clk      ; None                        ; None                      ; 2.566 ns                ;
; N/A                                     ; 359.45 MHz ( period = 2.782 ns )                    ; count_1Hz[23] ; count_1Hz[14] ; clk        ; clk      ; None                        ; None                      ; 2.568 ns                ;
; N/A                                     ; 359.58 MHz ( period = 2.781 ns )                    ; count_1Hz[6]  ; count_1Hz[12] ; clk        ; clk      ; None                        ; None                      ; 2.565 ns                ;
; N/A                                     ; 359.71 MHz ( period = 2.780 ns )                    ; count_1Hz[23] ; count_1Hz[22] ; clk        ; clk      ; None                        ; None                      ; 2.566 ns                ;
; N/A                                     ; 360.62 MHz ( period = 2.773 ns )                    ; count_1Hz[6]  ; count_1Hz[15] ; clk        ; clk      ; None                        ; None                      ; 2.557 ns                ;
; N/A                                     ; 362.19 MHz ( period = 2.761 ns )                    ; count_1Hz[26] ; count_1Hz[17] ; clk        ; clk      ; None                        ; None                      ; 2.547 ns                ;
; N/A                                     ; 362.19 MHz ( period = 2.761 ns )                    ; count_1Hz[26] ; count_1Hz[20] ; clk        ; clk      ; None                        ; None                      ; 2.547 ns                ;
; N/A                                     ; 362.45 MHz ( period = 2.759 ns )                    ; count_1Hz[9]  ; count_1Hz[26] ; clk        ; clk      ; None                        ; None                      ; 2.543 ns                ;
; N/A                                     ; 362.45 MHz ( period = 2.759 ns )                    ; count_1Hz[9]  ; count_1Hz[19] ; clk        ; clk      ; None                        ; None                      ; 2.543 ns                ;
; N/A                                     ; 362.84 MHz ( period = 2.756 ns )                    ; count_1Hz[26] ; count_1Hz[19] ; clk        ; clk      ; None                        ; None                      ; 2.542 ns                ;
; N/A                                     ; 363.11 MHz ( period = 2.754 ns )                    ; count_1Hz[26] ; count_1Hz[21] ; clk        ; clk      ; None                        ; None                      ; 2.540 ns                ;
; N/A                                     ; 363.24 MHz ( period = 2.753 ns )                    ; count_1Hz[26] ; count_1Hz[14] ; clk        ; clk      ; None                        ; None                      ; 2.539 ns                ;
; N/A                                     ; 363.37 MHz ( period = 2.752 ns )                    ; count_1Hz[6]  ; count_1Hz[0]  ; clk        ; clk      ; None                        ; None                      ; 2.538 ns                ;
; N/A                                     ; 363.37 MHz ( period = 2.752 ns )                    ; count_1Hz[6]  ; count_1Hz[7]  ; clk        ; clk      ; None                        ; None                      ; 2.538 ns                ;
; N/A                                     ; 363.50 MHz ( period = 2.751 ns )                    ; count_1Hz[26] ; count_1Hz[22] ; clk        ; clk      ; None                        ; None                      ; 2.537 ns                ;
; N/A                                     ; 364.43 MHz ( period = 2.744 ns )                    ; count_1Hz[11] ; clk_1Hz       ; clk        ; clk      ; None                        ; None                      ; 2.475 ns                ;
; N/A                                     ; 364.83 MHz ( period = 2.741 ns )                    ; count_1Hz[24] ; count_1Hz[0]  ; clk        ; clk      ; None                        ; None                      ; 2.529 ns                ;
; N/A                                     ; 364.96 MHz ( period = 2.740 ns )                    ; count_1Hz[24] ; count_1Hz[7]  ; clk        ; clk      ; None                        ; None                      ; 2.528 ns                ;
; Timing analysis restricted to 200 rows. ; To change the limit use Settings (Assignments menu) ;               ;               ;            ;          ;                             ;                           ;                         ;
+-----------------------------------------+-----------------------------------------------------+---------------+---------------+------------+----------+-----------------------------+---------------------------+-------------------------+


+------------------------------------------------------------------------------+
; tco                                                                          ;
+-------+--------------+------------+-----------+-----------------+------------+
; Slack ; Required tco ; Actual tco ; From      ; To              ; From Clock ;
+-------+--------------+------------+-----------+-----------------+------------+
; N/A   ; None         ; 11.717 ns  ; number[1] ; busLed[1]       ; clk        ;
; N/A   ; None         ; 11.327 ns  ; number[2] ; busLed[2]       ; clk        ;
; N/A   ; None         ; 11.184 ns  ; number[2] ; SeptSegments[0] ; clk        ;
; N/A   ; None         ; 11.156 ns  ; number[2] ; SeptSegments[2] ; clk        ;
; N/A   ; None         ; 11.141 ns  ; number[0] ; busLed[0]       ; clk        ;
; N/A   ; None         ; 11.129 ns  ; number[2] ; SeptSegments[1] ; clk        ;
; N/A   ; None         ; 11.001 ns  ; number[3] ; busLed[3]       ; clk        ;
; N/A   ; None         ; 10.928 ns  ; number[2] ; SeptSegments[3] ; clk        ;
; N/A   ; None         ; 10.927 ns  ; number[2] ; SeptSegments[4] ; clk        ;
; N/A   ; None         ; 10.919 ns  ; number[2] ; SeptSegments[5] ; clk        ;
; N/A   ; None         ; 10.918 ns  ; number[2] ; SeptSegments[6] ; clk        ;
; N/A   ; None         ; 10.910 ns  ; number[1] ; SeptSegments[0] ; clk        ;
; N/A   ; None         ; 10.891 ns  ; number[0] ; SeptSegments[0] ; clk        ;
; N/A   ; None         ; 10.883 ns  ; number[1] ; SeptSegments[2] ; clk        ;
; N/A   ; None         ; 10.862 ns  ; number[0] ; SeptSegments[2] ; clk        ;
; N/A   ; None         ; 10.860 ns  ; number[1] ; SeptSegments[1] ; clk        ;
; N/A   ; None         ; 10.831 ns  ; number[0] ; SeptSegments[1] ; clk        ;
; N/A   ; None         ; 10.773 ns  ; number[3] ; SeptSegments[0] ; clk        ;
; N/A   ; None         ; 10.745 ns  ; number[3] ; SeptSegments[2] ; clk        ;
; N/A   ; None         ; 10.718 ns  ; number[3] ; SeptSegments[1] ; clk        ;
; N/A   ; None         ; 10.655 ns  ; number[1] ; SeptSegments[3] ; clk        ;
; N/A   ; None         ; 10.653 ns  ; number[1] ; SeptSegments[4] ; clk        ;
; N/A   ; None         ; 10.646 ns  ; number[1] ; SeptSegments[5] ; clk        ;
; N/A   ; None         ; 10.644 ns  ; number[1] ; SeptSegments[6] ; clk        ;
; N/A   ; None         ; 10.635 ns  ; number[0] ; SeptSegments[3] ; clk        ;
; N/A   ; None         ; 10.632 ns  ; number[0] ; SeptSegments[4] ; clk        ;
; N/A   ; None         ; 10.625 ns  ; number[0] ; SeptSegments[5] ; clk        ;
; N/A   ; None         ; 10.624 ns  ; number[0] ; SeptSegments[6] ; clk        ;
; N/A   ; None         ; 10.518 ns  ; number[3] ; SeptSegments[3] ; clk        ;
; N/A   ; None         ; 10.512 ns  ; number[3] ; SeptSegments[4] ; clk        ;
; N/A   ; None         ; 10.508 ns  ; number[3] ; SeptSegments[5] ; clk        ;
; N/A   ; None         ; 10.507 ns  ; number[3] ; SeptSegments[6] ; clk        ;
+-------+--------------+------------+-----------+-----------------+------------+


+--------------------------+
; Timing Analyzer Messages ;
+--------------------------+
Info: *******************************************************************
Info: Running Quartus II Classic Timing Analyzer
    Info: Version 9.0 Build 235 06/17/2009 Service Pack 2 SJ Web Edition
    Info: Processing started: Fri Sep 11 08:13:07 2020
Info: Command: quartus_tan --read_settings_files=off --write_settings_files=off Compteur -c Compteur --timing_analysis_only
Warning: Found pins functioning as undefined clocks and/or memory enables
    Info: Assuming node "clk" is an undefined clock
Warning: Found 1 node(s) in clock paths which may be acting as ripple and/or gated clocks -- node(s) analyzed as buffer(s) resulting in clock skew
    Info: Detected ripple clock "clk_1Hz" as buffer
Info: Clock "clk" has Internal fmax of 256.87 MHz between source register "count_1Hz[0]" and destination register "count_1Hz[25]" (period= 3.893 ns)
    Info: + Longest register to register delay is 3.677 ns
        Info: 1: + IC(0.000 ns) + CELL(0.000 ns) = 0.000 ns; Loc. = LCFF_X14_Y18_N1; Fanout = 3; REG Node = 'count_1Hz[0]'
        Info: 2: + IC(0.309 ns) + CELL(0.393 ns) = 0.702 ns; Loc. = LCCOMB_X14_Y18_N6; Fanout = 2; COMB Node = 'Add0~1'
        Info: 3: + IC(0.000 ns) + CELL(0.071 ns) = 0.773 ns; Loc. = LCCOMB_X14_Y18_N8; Fanout = 2; COMB Node = 'Add0~3'
        Info: 4: + IC(0.000 ns) + CELL(0.071 ns) = 0.844 ns; Loc. = LCCOMB_X14_Y18_N10; Fanout = 2; COMB Node = 'Add0~5'
        Info: 5: + IC(0.000 ns) + CELL(0.071 ns) = 0.915 ns; Loc. = LCCOMB_X14_Y18_N12; Fanout = 2; COMB Node = 'Add0~7'
        Info: 6: + IC(0.000 ns) + CELL(0.159 ns) = 1.074 ns; Loc. = LCCOMB_X14_Y18_N14; Fanout = 2; COMB Node = 'Add0~9'
        Info: 7: + IC(0.000 ns) + CELL(0.071 ns) = 1.145 ns; Loc. = LCCOMB_X14_Y18_N16; Fanout = 2; COMB Node = 'Add0~11'
        Info: 8: + IC(0.000 ns) + CELL(0.071 ns) = 1.216 ns; Loc. = LCCOMB_X14_Y18_N18; Fanout = 2; COMB Node = 'Add0~13'
        Info: 9: + IC(0.000 ns) + CELL(0.071 ns) = 1.287 ns; Loc. = LCCOMB_X14_Y18_N20; Fanout = 2; COMB Node = 'Add0~15'
        Info: 10: + IC(0.000 ns) + CELL(0.071 ns) = 1.358 ns; Loc. = LCCOMB_X14_Y18_N22; Fanout = 2; COMB Node = 'Add0~17'
        Info: 11: + IC(0.000 ns) + CELL(0.071 ns) = 1.429 ns; Loc. = LCCOMB_X14_Y18_N24; Fanout = 2; COMB Node = 'Add0~19'
        Info: 12: + IC(0.000 ns) + CELL(0.071 ns) = 1.500 ns; Loc. = LCCOMB_X14_Y18_N26; Fanout = 2; COMB Node = 'Add0~21'
        Info: 13: + IC(0.000 ns) + CELL(0.071 ns) = 1.571 ns; Loc. = LCCOMB_X14_Y18_N28; Fanout = 2; COMB Node = 'Add0~23'
        Info: 14: + IC(0.000 ns) + CELL(0.146 ns) = 1.717 ns; Loc. = LCCOMB_X14_Y18_N30; Fanout = 2; COMB Node = 'Add0~25'
        Info: 15: + IC(0.000 ns) + CELL(0.071 ns) = 1.788 ns; Loc. = LCCOMB_X14_Y17_N0; Fanout = 2; COMB Node = 'Add0~27'
        Info: 16: + IC(0.000 ns) + CELL(0.071 ns) = 1.859 ns; Loc. = LCCOMB_X14_Y17_N2; Fanout = 2; COMB Node = 'Add0~29'
        Info: 17: + IC(0.000 ns) + CELL(0.071 ns) = 1.930 ns; Loc. = LCCOMB_X14_Y17_N4; Fanout = 2; COMB Node = 'Add0~31'
        Info: 18: + IC(0.000 ns) + CELL(0.071 ns) = 2.001 ns; Loc. = LCCOMB_X14_Y17_N6; Fanout = 2; COMB Node = 'Add0~33'
        Info: 19: + IC(0.000 ns) + CELL(0.071 ns) = 2.072 ns; Loc. = LCCOMB_X14_Y17_N8; Fanout = 2; COMB Node = 'Add0~35'
        Info: 20: + IC(0.000 ns) + CELL(0.071 ns) = 2.143 ns; Loc. = LCCOMB_X14_Y17_N10; Fanout = 2; COMB Node = 'Add0~37'
        Info: 21: + IC(0.000 ns) + CELL(0.071 ns) = 2.214 ns; Loc. = LCCOMB_X14_Y17_N12; Fanout = 2; COMB Node = 'Add0~39'
        Info: 22: + IC(0.000 ns) + CELL(0.159 ns) = 2.373 ns; Loc. = LCCOMB_X14_Y17_N14; Fanout = 2; COMB Node = 'Add0~41'
        Info: 23: + IC(0.000 ns) + CELL(0.071 ns) = 2.444 ns; Loc. = LCCOMB_X14_Y17_N16; Fanout = 2; COMB Node = 'Add0~43'
        Info: 24: + IC(0.000 ns) + CELL(0.071 ns) = 2.515 ns; Loc. = LCCOMB_X14_Y17_N18; Fanout = 2; COMB Node = 'Add0~45'
        Info: 25: + IC(0.000 ns) + CELL(0.071 ns) = 2.586 ns; Loc. = LCCOMB_X14_Y17_N20; Fanout = 2; COMB Node = 'Add0~47'
        Info: 26: + IC(0.000 ns) + CELL(0.071 ns) = 2.657 ns; Loc. = LCCOMB_X14_Y17_N22; Fanout = 2; COMB Node = 'Add0~49'
        Info: 27: + IC(0.000 ns) + CELL(0.410 ns) = 3.067 ns; Loc. = LCCOMB_X14_Y17_N24; Fanout = 1; COMB Node = 'Add0~50'
        Info: 28: + IC(0.251 ns) + CELL(0.275 ns) = 3.593 ns; Loc. = LCCOMB_X14_Y17_N28; Fanout = 1; COMB Node = 'count_1Hz~27'
        Info: 29: + IC(0.000 ns) + CELL(0.084 ns) = 3.677 ns; Loc. = LCFF_X14_Y17_N29; Fanout = 3; REG Node = 'count_1Hz[25]'
        Info: Total cell delay = 3.117 ns ( 84.77 % )
        Info: Total interconnect delay = 0.560 ns ( 15.23 % )
    Info: - Smallest clock skew is -0.002 ns
        Info: + Shortest clock path from clock "clk" to destination register is 2.693 ns
            Info: 1: + IC(0.000 ns) + CELL(0.999 ns) = 0.999 ns; Loc. = PIN_N2; Fanout = 2; CLK Node = 'clk'
            Info: 2: + IC(0.118 ns) + CELL(0.000 ns) = 1.117 ns; Loc. = CLKCTRL_G2; Fanout = 27; COMB Node = 'clk~clkctrl'
            Info: 3: + IC(1.039 ns) + CELL(0.537 ns) = 2.693 ns; Loc. = LCFF_X14_Y17_N29; Fanout = 3; REG Node = 'count_1Hz[25]'
            Info: Total cell delay = 1.536 ns ( 57.04 % )
            Info: Total interconnect delay = 1.157 ns ( 42.96 % )
        Info: - Longest clock path from clock "clk" to source register is 2.695 ns
            Info: 1: + IC(0.000 ns) + CELL(0.999 ns) = 0.999 ns; Loc. = PIN_N2; Fanout = 2; CLK Node = 'clk'
            Info: 2: + IC(0.118 ns) + CELL(0.000 ns) = 1.117 ns; Loc. = CLKCTRL_G2; Fanout = 27; COMB Node = 'clk~clkctrl'
            Info: 3: + IC(1.041 ns) + CELL(0.537 ns) = 2.695 ns; Loc. = LCFF_X14_Y18_N1; Fanout = 3; REG Node = 'count_1Hz[0]'
            Info: Total cell delay = 1.536 ns ( 56.99 % )
            Info: Total interconnect delay = 1.159 ns ( 43.01 % )
    Info: + Micro clock to output delay of source is 0.250 ns
    Info: + Micro setup delay of destination is -0.036 ns
Info: tco from clock "clk" to destination pin "busLed[1]" through register "number[1]" is 11.717 ns
    Info: + Longest clock path from clock "clk" to source register is 6.027 ns
        Info: 1: + IC(0.000 ns) + CELL(0.999 ns) = 0.999 ns; Loc. = PIN_N2; Fanout = 2; CLK Node = 'clk'
        Info: 2: + IC(1.104 ns) + CELL(0.787 ns) = 2.890 ns; Loc. = LCFF_X15_Y17_N1; Fanout = 2; REG Node = 'clk_1Hz'
        Info: 3: + IC(1.543 ns) + CELL(0.000 ns) = 4.433 ns; Loc. = CLKCTRL_G0; Fanout = 4; COMB Node = 'clk_1Hz~clkctrl'
        Info: 4: + IC(1.057 ns) + CELL(0.537 ns) = 6.027 ns; Loc. = LCFF_X28_Y1_N11; Fanout = 11; REG Node = 'number[1]'
        Info: Total cell delay = 2.323 ns ( 38.54 % )
        Info: Total interconnect delay = 3.704 ns ( 61.46 % )
    Info: + Micro clock to output delay of source is 0.250 ns
    Info: + Longest register to pin delay is 5.440 ns
        Info: 1: + IC(0.000 ns) + CELL(0.000 ns) = 0.000 ns; Loc. = LCFF_X28_Y1_N11; Fanout = 11; REG Node = 'number[1]'
        Info: 2: + IC(2.622 ns) + CELL(2.818 ns) = 5.440 ns; Loc. = PIN_AF23; Fanout = 0; PIN Node = 'busLed[1]'
        Info: Total cell delay = 2.818 ns ( 51.80 % )
        Info: Total interconnect delay = 2.622 ns ( 48.20 % )
Info: Quartus II Classic Timing Analyzer was successful. 0 errors, 2 warnings
    Info: Peak virtual memory: 173 megabytes
    Info: Processing ended: Fri Sep 11 08:13:08 2020
    Info: Elapsed time: 00:00:01
    Info: Total CPU time (on all processors): 00:00:00


