Analysis & Synthesis report for com_nmea_tx
Fri Nov 20 22:41:45 2020
Quartus II 64-Bit Version 15.0.0 Build 145 04/22/2015 SJ Web Edition


---------------------
; Table of Contents ;
---------------------
  1. Legal Notice
  2. Analysis & Synthesis Summary
  3. Analysis & Synthesis Settings
  4. Parallel Compilation
  5. Analysis & Synthesis Source Files Read
  6. Analysis & Synthesis Resource Usage Summary
  7. Analysis & Synthesis Resource Utilization by Entity
  8. Registers Removed During Synthesis
  9. Removed Registers Triggering Further Register Optimizations
 10. General Register Statistics
 11. Inverted Register Statistics
 12. Post-Synthesis Netlist Statistics for Top Partition
 13. Elapsed Time Per Partition
 14. Analysis & Synthesis Messages



----------------
; Legal Notice ;
----------------
Copyright (C) 1991-2015 Altera Corporation. All rights reserved.
Your use of Altera Corporation's design tools, logic functions 
and other software and tools, and its AMPP partner logic 
functions, and any output files from any of the foregoing 
(including device programming or simulation files), and any 
associated documentation or information are expressly subject 
to the terms and conditions of the Altera Program License 
Subscription Agreement, the Altera Quartus II License Agreement,
the Altera MegaCore Function License Agreement, or other 
applicable license agreement, including, without limitation, 
that your use is for the sole purpose of programming logic 
devices manufactured by Altera and sold by Altera or its 
authorized distributors.  Please refer to the applicable 
agreement for further details.



+---------------------------------------------------------------------------------+
; Analysis & Synthesis Summary                                                    ;
+------------------------------------+--------------------------------------------+
; Analysis & Synthesis Status        ; Successful - Fri Nov 20 22:41:45 2020      ;
; Quartus II 64-Bit Version          ; 15.0.0 Build 145 04/22/2015 SJ Web Edition ;
; Revision Name                      ; com_nmea_tx                                ;
; Top-level Entity Name              ; nmea_tx                                    ;
; Family                             ; Cyclone IV E                               ;
; Total logic elements               ; 3                                          ;
;     Total combinational functions  ; 2                                          ;
;     Dedicated logic registers      ; 3                                          ;
; Total registers                    ; 3                                          ;
; Total pins                         ; 74                                         ;
; Total virtual pins                 ; 0                                          ;
; Total memory bits                  ; 0                                          ;
; Embedded Multiplier 9-bit elements ; 0                                          ;
; Total PLLs                         ; 0                                          ;
+------------------------------------+--------------------------------------------+


+----------------------------------------------------------------------------------------------------------------------+
; Analysis & Synthesis Settings                                                                                        ;
+----------------------------------------------------------------------------+--------------------+--------------------+
; Option                                                                     ; Setting            ; Default Value      ;
+----------------------------------------------------------------------------+--------------------+--------------------+
; Device                                                                     ; EP4CE22F17C6       ;                    ;
; Top-level entity name                                                      ; nmea_tx            ; com_nmea_tx        ;
; Family name                                                                ; Cyclone IV E       ; Cyclone V          ;
; Use smart compilation                                                      ; Off                ; Off                ;
; Enable parallel Assembler and TimeQuest Timing Analyzer during compilation ; On                 ; On                 ;
; Enable compact report table                                                ; Off                ; Off                ;
; Restructure Multiplexers                                                   ; Auto               ; Auto               ;
; Create Debugging Nodes for IP Cores                                        ; Off                ; Off                ;
; Preserve fewer node names                                                  ; On                 ; On                 ;
; Disable OpenCore Plus hardware evaluation                                  ; Off                ; Off                ;
; Verilog Version                                                            ; Verilog_2001       ; Verilog_2001       ;
; VHDL Version                                                               ; VHDL_1993          ; VHDL_1993          ;
; State Machine Processing                                                   ; Auto               ; Auto               ;
; Safe State Machine                                                         ; Off                ; Off                ;
; Extract Verilog State Machines                                             ; On                 ; On                 ;
; Extract VHDL State Machines                                                ; On                 ; On                 ;
; Ignore Verilog initial constructs                                          ; Off                ; Off                ;
; Iteration limit for constant Verilog loops                                 ; 5000               ; 5000               ;
; Iteration limit for non-constant Verilog loops                             ; 250                ; 250                ;
; Add Pass-Through Logic to Inferred RAMs                                    ; On                 ; On                 ;
; Infer RAMs from Raw Logic                                                  ; On                 ; On                 ;
; Parallel Synthesis                                                         ; On                 ; On                 ;
; DSP Block Balancing                                                        ; Auto               ; Auto               ;
; NOT Gate Push-Back                                                         ; On                 ; On                 ;
; Power-Up Don't Care                                                        ; On                 ; On                 ;
; Remove Redundant Logic Cells                                               ; Off                ; Off                ;
; Remove Duplicate Registers                                                 ; On                 ; On                 ;
; Ignore CARRY Buffers                                                       ; Off                ; Off                ;
; Ignore CASCADE Buffers                                                     ; Off                ; Off                ;
; Ignore GLOBAL Buffers                                                      ; Off                ; Off                ;
; Ignore ROW GLOBAL Buffers                                                  ; Off                ; Off                ;
; Ignore LCELL Buffers                                                       ; Off                ; Off                ;
; Ignore SOFT Buffers                                                        ; On                 ; On                 ;
; Limit AHDL Integers to 32 Bits                                             ; Off                ; Off                ;
; Optimization Technique                                                     ; Balanced           ; Balanced           ;
; Carry Chain Length                                                         ; 70                 ; 70                 ;
; Auto Carry Chains                                                          ; On                 ; On                 ;
; Auto Open-Drain Pins                                                       ; On                 ; On                 ;
; Perform WYSIWYG Primitive Resynthesis                                      ; Off                ; Off                ;
; Auto ROM Replacement                                                       ; On                 ; On                 ;
; Auto RAM Replacement                                                       ; On                 ; On                 ;
; Auto DSP Block Replacement                                                 ; On                 ; On                 ;
; Auto Shift Register Replacement                                            ; Auto               ; Auto               ;
; Allow Shift Register Merging across Hierarchies                            ; Auto               ; Auto               ;
; Auto Clock Enable Replacement                                              ; On                 ; On                 ;
; Strict RAM Replacement                                                     ; Off                ; Off                ;
; Allow Synchronous Control Signals                                          ; On                 ; On                 ;
; Force Use of Synchronous Clear Signals                                     ; Off                ; Off                ;
; Auto RAM Block Balancing                                                   ; On                 ; On                 ;
; Auto RAM to Logic Cell Conversion                                          ; Off                ; Off                ;
; Auto Resource Sharing                                                      ; Off                ; Off                ;
; Allow Any RAM Size For Recognition                                         ; Off                ; Off                ;
; Allow Any ROM Size For Recognition                                         ; Off                ; Off                ;
; Allow Any Shift Register Size For Recognition                              ; Off                ; Off                ;
; Use LogicLock Constraints during Resource Balancing                        ; On                 ; On                 ;
; Ignore translate_off and synthesis_off directives                          ; Off                ; Off                ;
; Timing-Driven Synthesis                                                    ; On                 ; On                 ;
; Report Parameter Settings                                                  ; On                 ; On                 ;
; Report Source Assignments                                                  ; On                 ; On                 ;
; Report Connectivity Checks                                                 ; On                 ; On                 ;
; Ignore Maximum Fan-Out Assignments                                         ; Off                ; Off                ;
; Synchronization Register Chain Length                                      ; 2                  ; 2                  ;
; PowerPlay Power Optimization During Synthesis                              ; Normal compilation ; Normal compilation ;
; HDL message level                                                          ; Level2             ; Level2             ;
; Suppress Register Optimization Related Messages                            ; Off                ; Off                ;
; Number of Removed Registers Reported in Synthesis Report                   ; 5000               ; 5000               ;
; Number of Swept Nodes Reported in Synthesis Report                         ; 5000               ; 5000               ;
; Number of Inverted Registers Reported in Synthesis Report                  ; 100                ; 100                ;
; Clock MUX Protection                                                       ; On                 ; On                 ;
; Auto Gated Clock Conversion                                                ; Off                ; Off                ;
; Block Design Naming                                                        ; Auto               ; Auto               ;
; SDC constraint protection                                                  ; Off                ; Off                ;
; Synthesis Effort                                                           ; Auto               ; Auto               ;
; Shift Register Replacement - Allow Asynchronous Clear Signal               ; On                 ; On                 ;
; Pre-Mapping Resynthesis Optimization                                       ; Off                ; Off                ;
; Analysis & Synthesis Message Level                                         ; Medium             ; Medium             ;
; Disable Register Merging Across Hierarchies                                ; Auto               ; Auto               ;
; Resource Aware Inference For Block RAM                                     ; On                 ; On                 ;
; Synthesis Seed                                                             ; 1                  ; 1                  ;
+----------------------------------------------------------------------------+--------------------+--------------------+


Parallel compilation was disabled, but you have multiple processors available. Enable parallel compilation to reduce compilation time.
+-------------------------------------+
; Parallel Compilation                ;
+----------------------------+--------+
; Processors                 ; Number ;
+----------------------------+--------+
; Number detected on machine ; 4      ;
; Maximum allowed            ; 1      ;
+----------------------------+--------+


+-------------------------------------------------------------------------------------------------------------------------------------------+
; Analysis & Synthesis Source Files Read                                                                                                    ;
+----------------------------------+-----------------+-----------------+----------------------------------------------------------+---------+
; File Name with User-Entered Path ; Used in Netlist ; File Type       ; File Name with Absolute Path                             ; Library ;
+----------------------------------+-----------------+-----------------+----------------------------------------------------------+---------+
; nmea_tx.vhd                      ; yes             ; User VHDL File  ; E:/BE/SALAZAR_SANOGO_BINOME7/Com_NMEA_TX_Q15/nmea_tx.vhd ;         ;
+----------------------------------+-----------------+-----------------+----------------------------------------------------------+---------+


+-------------------------------------------------------------+
; Analysis & Synthesis Resource Usage Summary                 ;
+---------------------------------------------+---------------+
; Resource                                    ; Usage         ;
+---------------------------------------------+---------------+
; Estimated Total logic elements              ; 3             ;
;                                             ;               ;
; Total combinational functions               ; 2             ;
; Logic element usage by number of LUT inputs ;               ;
;     -- 4 input functions                    ; 0             ;
;     -- 3 input functions                    ; 1             ;
;     -- <=2 input functions                  ; 1             ;
;                                             ;               ;
; Logic elements by mode                      ;               ;
;     -- normal mode                          ; 2             ;
;     -- arithmetic mode                      ; 0             ;
;                                             ;               ;
; Total registers                             ; 3             ;
;     -- Dedicated logic registers            ; 3             ;
;     -- I/O registers                        ; 0             ;
;                                             ;               ;
; I/O pins                                    ; 74            ;
;                                             ;               ;
; Embedded Multiplier 9-bit elements          ; 0             ;
;                                             ;               ;
; Maximum fan-out node                        ; clk_50M~input ;
; Maximum fan-out                             ; 3             ;
; Total fan-out                               ; 85            ;
; Average fan-out                             ; 0.56          ;
+---------------------------------------------+---------------+


+-----------------------------------------------------------------------------------------------------------------------------------------------------------------------------+
; Analysis & Synthesis Resource Utilization by Entity                                                                                                                         ;
+----------------------------+-------------------+--------------+-------------+--------------+---------+-----------+------+--------------+---------------------+--------------+
; Compilation Hierarchy Node ; LC Combinationals ; LC Registers ; Memory Bits ; DSP Elements ; DSP 9x9 ; DSP 18x18 ; Pins ; Virtual Pins ; Full Hierarchy Name ; Library Name ;
+----------------------------+-------------------+--------------+-------------+--------------+---------+-----------+------+--------------+---------------------+--------------+
; |nmea_tx                   ; 2 (2)             ; 3 (3)        ; 0           ; 0            ; 0       ; 0         ; 74   ; 0            ; |nmea_tx            ; work         ;
+----------------------------+-------------------+--------------+-------------+--------------+---------+-----------+------+--------------+---------------------+--------------+
Note: For table entries with two numbers listed, the numbers in parentheses indicate the number of resources of the given type used by the specific entity alone. The numbers listed outside of parentheses indicate the total resources of the given type used by the specific entity and all of its sub-entities in the hierarchy.


+---------------------------------------------------------------------------------+
; Registers Removed During Synthesis                                              ;
+----------------------------------------+----------------------------------------+
; Register name                          ; Reason for Removal                     ;
+----------------------------------------+----------------------------------------+
; s_clk76800                             ; Stuck at GND due to stuck port data_in ;
; s_count4800[0..3]                      ; Stuck at GND due to stuck port clock   ;
; s_clk4800                              ; Stuck at GND due to stuck port clock   ;
; count_bit[0..5]                        ; Stuck at GND due to stuck port clock   ;
; trame[0]                               ; Stuck at VCC due to stuck port clock   ;
; trame[1..40]                           ; Lost fanout                            ;
; fin_tx                                 ; Stuck at GND due to stuck port clock   ;
; start_stop                             ; Stuck at VCC due to stuck port data_in ;
; s_count1[0..25]                        ; Lost fanout                            ;
; raz_n                                  ; Stuck at GND due to stuck port clock   ;
; Total Number of Removed Registers = 82 ;                                        ;
+----------------------------------------+----------------------------------------+


+----------------------------------------------------------------------------------------------------------------------------------------+
; Removed Registers Triggering Further Register Optimizations                                                                            ;
+---------------+---------------------------+--------------------------------------------------------------------------------------------+
; Register name ; Reason for Removal        ; Registers Removed due to This Register                                                     ;
+---------------+---------------------------+--------------------------------------------------------------------------------------------+
; s_clk76800    ; Stuck at GND              ; s_count4800[3], s_count4800[2], s_count4800[1], s_count4800[0], s_clk4800, count_bit[5],   ;
;               ; due to stuck port data_in ; count_bit[4], count_bit[3], count_bit[2], count_bit[1], count_bit[0], trame[0], trame[1],  ;
;               ;                           ; trame[2], trame[3], trame[4], trame[5], trame[6], trame[7], trame[8], trame[9], trame[10], ;
;               ;                           ; trame[11], trame[12], trame[13], trame[14], trame[15], trame[16], trame[17], trame[18],    ;
;               ;                           ; trame[19], trame[20], trame[21], trame[22], trame[23], trame[24], trame[25], trame[26],    ;
;               ;                           ; trame[27], trame[28], trame[29], trame[30], trame[31], trame[32], trame[33], trame[34],    ;
;               ;                           ; trame[35], trame[36], trame[37], trame[38], trame[39], trame[40], fin_tx, start_stop,      ;
;               ;                           ; s_count1[25], s_count1[24], s_count1[23], s_count1[22], s_count1[21], s_count1[20],        ;
;               ;                           ; s_count1[19], s_count1[18], s_count1[17], s_count1[16], s_count1[15], s_count1[14],        ;
;               ;                           ; s_count1[13], s_count1[12], s_count1[11], s_count1[10], s_count1[9], s_count1[8],          ;
;               ;                           ; s_count1[7], s_count1[6], s_count1[5], s_count1[4], s_count1[3], s_count1[2], s_count1[1]  ;
+---------------+---------------------------+--------------------------------------------------------------------------------------------+


+------------------------------------------------------+
; General Register Statistics                          ;
+----------------------------------------------+-------+
; Statistic                                    ; Value ;
+----------------------------------------------+-------+
; Total registers                              ; 3     ;
; Number of registers using Synchronous Clear  ; 0     ;
; Number of registers using Synchronous Load   ; 0     ;
; Number of registers using Asynchronous Clear ; 0     ;
; Number of registers using Asynchronous Load  ; 0     ;
; Number of registers using Clock Enable       ; 0     ;
; Number of registers using Preset             ; 0     ;
+----------------------------------------------+-------+


+--------------------------------------------------+
; Inverted Register Statistics                     ;
+----------------------------------------+---------+
; Inverted Register                      ; Fan out ;
+----------------------------------------+---------+
; done                                   ; 2       ;
; etat_nios[0]                           ; 2       ;
; Total number of inverted registers = 2 ;         ;
+----------------------------------------+---------+


+-----------------------------------------------------+
; Post-Synthesis Netlist Statistics for Top Partition ;
+-----------------------+-----------------------------+
; Type                  ; Count                       ;
+-----------------------+-----------------------------+
; boundary_port         ; 74                          ;
; cycloneiii_ff         ; 3                           ;
;     plain             ; 3                           ;
; cycloneiii_lcell_comb ; 5                           ;
;     normal            ; 5                           ;
;         0 data inputs ; 2                           ;
;         1 data inputs ; 1                           ;
;         2 data inputs ; 1                           ;
;         3 data inputs ; 1                           ;
;                       ;                             ;
; Max LUT depth         ; 1.00                        ;
; Average LUT depth     ; 0.67                        ;
+-----------------------+-----------------------------+


+-------------------------------+
; Elapsed Time Per Partition    ;
+----------------+--------------+
; Partition Name ; Elapsed Time ;
+----------------+--------------+
; Top            ; 00:00:01     ;
+----------------+--------------+


+-------------------------------+
; Analysis & Synthesis Messages ;
+-------------------------------+
Info: *******************************************************************
Info: Running Quartus II 64-Bit Analysis & Synthesis
    Info: Version 15.0.0 Build 145 04/22/2015 SJ Web Edition
    Info: Processing started: Fri Nov 20 22:41:09 2020
Info: Command: quartus_map --read_settings_files=on --write_settings_files=off com_nmea_tx -c com_nmea_tx
Warning (20028): Parallel compilation is not licensed and has been disabled
Info (12021): Found 2 design units, including 1 entities, in source file nmea_tx.vhd
    Info (12022): Found design unit 1: nmea_tx-arch_nmea_tx
    Info (12023): Found entity 1: nmea_tx
Info (12127): Elaborating entity "nmea_tx" for the top level hierarchy
Warning (10541): VHDL Signal Declaration warning at nmea_tx.vhd(13): used implicit default value for signal "readdata" because signal was never assigned a value or an explicit default value. Use of implicit default value may introduce unintended design optimizations.
Warning (10540): VHDL Signal Declaration warning at nmea_tx.vhd(35): used explicit default value for signal "synchro" because signal was never assigned a value
Warning (10540): VHDL Signal Declaration warning at nmea_tx.vhd(36): used explicit default value for signal "centaine" because signal was never assigned a value
Warning (10540): VHDL Signal Declaration warning at nmea_tx.vhd(37): used explicit default value for signal "dizaine" because signal was never assigned a value
Warning (10540): VHDL Signal Declaration warning at nmea_tx.vhd(38): used explicit default value for signal "unite" because signal was never assigned a value
Info (13000): Registers with preset signals will power-up high
Info (13003): DEV_CLRn pin will set, and not reset, register with preset signal due to NOT Gate Push-Back
Warning (13024): Output pins are stuck at VCC or GND
    Warning (13410): Pin "readdata[0]" is stuck at GND
    Warning (13410): Pin "readdata[1]" is stuck at GND
    Warning (13410): Pin "readdata[2]" is stuck at GND
    Warning (13410): Pin "readdata[3]" is stuck at GND
    Warning (13410): Pin "readdata[4]" is stuck at GND
    Warning (13410): Pin "readdata[5]" is stuck at GND
    Warning (13410): Pin "readdata[6]" is stuck at GND
    Warning (13410): Pin "readdata[7]" is stuck at GND
    Warning (13410): Pin "readdata[8]" is stuck at GND
    Warning (13410): Pin "readdata[9]" is stuck at GND
    Warning (13410): Pin "readdata[10]" is stuck at GND
    Warning (13410): Pin "readdata[11]" is stuck at GND
    Warning (13410): Pin "readdata[12]" is stuck at GND
    Warning (13410): Pin "readdata[13]" is stuck at GND
    Warning (13410): Pin "readdata[14]" is stuck at GND
    Warning (13410): Pin "readdata[15]" is stuck at GND
    Warning (13410): Pin "readdata[16]" is stuck at GND
    Warning (13410): Pin "readdata[17]" is stuck at GND
    Warning (13410): Pin "readdata[18]" is stuck at GND
    Warning (13410): Pin "readdata[19]" is stuck at GND
    Warning (13410): Pin "readdata[20]" is stuck at GND
    Warning (13410): Pin "readdata[21]" is stuck at GND
    Warning (13410): Pin "readdata[22]" is stuck at GND
    Warning (13410): Pin "readdata[23]" is stuck at GND
    Warning (13410): Pin "readdata[24]" is stuck at GND
    Warning (13410): Pin "readdata[25]" is stuck at GND
    Warning (13410): Pin "readdata[26]" is stuck at GND
    Warning (13410): Pin "readdata[27]" is stuck at GND
    Warning (13410): Pin "readdata[28]" is stuck at GND
    Warning (13410): Pin "readdata[29]" is stuck at GND
    Warning (13410): Pin "readdata[30]" is stuck at GND
    Warning (13410): Pin "readdata[31]" is stuck at GND
    Warning (13410): Pin "txd" is stuck at VCC
    Warning (13410): Pin "clk76800" is stuck at GND
Info (286030): Timing-Driven Synthesis is running
Info (17049): 66 registers lost all their fanouts during netlist optimizations.
Info (16010): Generating hard_block partition "hard_block:auto_generated_inst"
    Info (16011): Adding 0 node(s), including 0 DDIO, 0 PLL, 0 transceiver and 0 LCELL
Warning (21074): Design contains 38 input pin(s) that do not drive logic
    Warning (15610): No output dependent on input pin "chipselect"
    Warning (15610): No output dependent on input pin "write_n"
    Warning (15610): No output dependent on input pin "address[0]"
    Warning (15610): No output dependent on input pin "address[1]"
    Warning (15610): No output dependent on input pin "address[2]"
    Warning (15610): No output dependent on input pin "writedata[0]"
    Warning (15610): No output dependent on input pin "writedata[1]"
    Warning (15610): No output dependent on input pin "writedata[2]"
    Warning (15610): No output dependent on input pin "writedata[3]"
    Warning (15610): No output dependent on input pin "writedata[4]"
    Warning (15610): No output dependent on input pin "writedata[5]"
    Warning (15610): No output dependent on input pin "writedata[6]"
    Warning (15610): No output dependent on input pin "writedata[7]"
    Warning (15610): No output dependent on input pin "writedata[8]"
    Warning (15610): No output dependent on input pin "writedata[9]"
    Warning (15610): No output dependent on input pin "writedata[10]"
    Warning (15610): No output dependent on input pin "writedata[11]"
    Warning (15610): No output dependent on input pin "writedata[12]"
    Warning (15610): No output dependent on input pin "writedata[13]"
    Warning (15610): No output dependent on input pin "writedata[14]"
    Warning (15610): No output dependent on input pin "writedata[15]"
    Warning (15610): No output dependent on input pin "writedata[16]"
    Warning (15610): No output dependent on input pin "writedata[17]"
    Warning (15610): No output dependent on input pin "writedata[18]"
    Warning (15610): No output dependent on input pin "writedata[19]"
    Warning (15610): No output dependent on input pin "writedata[20]"
    Warning (15610): No output dependent on input pin "writedata[21]"
    Warning (15610): No output dependent on input pin "writedata[22]"
    Warning (15610): No output dependent on input pin "writedata[23]"
    Warning (15610): No output dependent on input pin "writedata[24]"
    Warning (15610): No output dependent on input pin "writedata[25]"
    Warning (15610): No output dependent on input pin "writedata[26]"
    Warning (15610): No output dependent on input pin "writedata[27]"
    Warning (15610): No output dependent on input pin "writedata[28]"
    Warning (15610): No output dependent on input pin "writedata[29]"
    Warning (15610): No output dependent on input pin "writedata[30]"
    Warning (15610): No output dependent on input pin "writedata[31]"
    Warning (15610): No output dependent on input pin "reset_n"
Info (21057): Implemented 77 device resources after synthesis - the final resource count might be different
    Info (21058): Implemented 39 input pins
    Info (21059): Implemented 35 output pins
    Info (21061): Implemented 3 logic cells
Info: Quartus II 64-Bit Analysis & Synthesis was successful. 0 errors, 80 warnings
    Info: Peak virtual memory: 702 megabytes
    Info: Processing ended: Fri Nov 20 22:41:45 2020
    Info: Elapsed time: 00:00:36
    Info: Total CPU time (on all processors): 00:01:03


